Build output check failed:
    Regex: 'command[- ]line option .* is valid for .* but not for C'
    Output line: 'cc1: warning: command-line option ‘-Wnon-virtual-dtor’ is valid for C++/ObjC++ but not for C'
Compilation failed:
    source file: '/home/pi/opencv/opencv-4.8.1/build/CMakeFiles/CMakeTmp/src.c'
    check option: ' -fsigned-char -W -Wall -Wreturn-type  -Wnon-virtual-dtor'
===== BUILD LOG =====
Change Dir: '/home/pi/opencv/opencv-4.8.1/build/CMakeFiles/CMakeTmp'

Run Build Command(s): /usr/bin/cmake -E env VERBOSE=1 /usr/bin/gmake -f Makefile cmTC_976a9/fast
/usr/bin/gmake  -f CMakeFiles/cmTC_976a9.dir/build.make CMakeFiles/cmTC_976a9.dir/build
gmake[1]: Entering directory '/home/pi/opencv/opencv-4.8.1/build/CMakeFiles/CMakeTmp'
Building C object CMakeFiles/cmTC_976a9.dir/src.c.o
/usr/bin/cc   -O3 -DNDEBUG -fPIE    -fsigned-char -W -Wall -Wreturn-type  -Wnon-virtual-dtor -o CMakeFiles/cmTC_976a9.dir/src.c.o -c /home/pi/opencv/opencv-4.8.1/build/CMakeFiles/CMakeTmp/src.c
cc1: warning: command-line option ‘-Wnon-virtual-dtor’ is valid for C++/ObjC++ but not for C
/home/pi/opencv/opencv-4.8.1/build/CMakeFiles/CMakeTmp/src.c:1: warning: ignoring ‘#pragma  ’ [-Wunknown-pragmas]
    1 | #pragma
Linking C executable cmTC_976a9
/usr/bin/cmake -E cmake_link_script CMakeFiles/cmTC_976a9.dir/link.txt --verbose=1
/usr/bin/cc -O3 -DNDEBUG CMakeFiles/cmTC_976a9.dir/src.c.o -o cmTC_976a9
gmake[1]: Leaving directory '/home/pi/opencv/opencv-4.8.1/build/CMakeFiles/CMakeTmp'


===== END =====

Build output check failed:
    Regex: 'command[- ]line option .* is valid for .* but not for C\+\+'
    Output line: 'cc1plus: warning: command-line option ‘-Wmissing-prototypes’ is valid for C/ObjC but not for C++'
Compilation failed:
    source file: '/home/pi/opencv/opencv-4.8.1/build/CMakeFiles/CMakeTmp/src.cxx'
    check option: ' -fsigned-char -W -Wall -Wreturn-type -Wnon-virtual-dtor -Waddress -Wsequence-point -Wformat -Wformat-security -Wmissing-declarations  -Wmissing-prototypes'
===== BUILD LOG =====
Change Dir: '/home/pi/opencv/opencv-4.8.1/build/CMakeFiles/CMakeTmp'

Run Build Command(s): /usr/bin/cmake -E env VERBOSE=1 /usr/bin/gmake -f Makefile cmTC_7a0dc/fast
/usr/bin/gmake  -f CMakeFiles/cmTC_7a0dc.dir/build.make CMakeFiles/cmTC_7a0dc.dir/build
gmake[1]: Entering directory '/home/pi/opencv/opencv-4.8.1/build/CMakeFiles/CMakeTmp'
Building CXX object CMakeFiles/cmTC_7a0dc.dir/src.cxx.o
/usr/bin/c++   -O3 -DNDEBUG -std=c++11 -fPIE    -fsigned-char -W -Wall -Wreturn-type -Wnon-virtual-dtor -Waddress -Wsequence-point -Wformat -Wformat-security -Wmissing-declarations  -Wmissing-prototypes -o CMakeFiles/cmTC_7a0dc.dir/src.cxx.o -c /home/pi/opencv/opencv-4.8.1/build/CMakeFiles/CMakeTmp/src.cxx
cc1plus: warning: command-line option ‘-Wmissing-prototypes’ is valid for C/ObjC but not for C++
/home/pi/opencv/opencv-4.8.1/build/CMakeFiles/CMakeTmp/src.cxx:1: warning: ignoring ‘#pragma  ’ [-Wunknown-pragmas]
    1 | #pragma
Linking CXX executable cmTC_7a0dc
/usr/bin/cmake -E cmake_link_script CMakeFiles/cmTC_7a0dc.dir/link.txt --verbose=1
/usr/bin/c++ -O3 -DNDEBUG CMakeFiles/cmTC_7a0dc.dir/src.cxx.o -o cmTC_7a0dc
gmake[1]: Leaving directory '/home/pi/opencv/opencv-4.8.1/build/CMakeFiles/CMakeTmp'


===== END =====

Build output check failed:
    Regex: 'command[- ]line option .* is valid for .* but not for C\+\+'
    Output line: 'cc1plus: warning: command-line option ‘-Wstrict-prototypes’ is valid for C/ObjC but not for C++'
Compilation failed:
    source file: '/home/pi/opencv/opencv-4.8.1/build/CMakeFiles/CMakeTmp/src.cxx'
    check option: ' -fsigned-char -W -Wall -Wreturn-type -Wnon-virtual-dtor -Waddress -Wsequence-point -Wformat -Wformat-security -Wmissing-declarations  -Wstrict-prototypes'
===== BUILD LOG =====
Change Dir: '/home/pi/opencv/opencv-4.8.1/build/CMakeFiles/CMakeTmp'

Run Build Command(s): /usr/bin/cmake -E env VERBOSE=1 /usr/bin/gmake -f Makefile cmTC_1a81b/fast
/usr/bin/gmake  -f CMakeFiles/cmTC_1a81b.dir/build.make CMakeFiles/cmTC_1a81b.dir/build
gmake[1]: Entering directory '/home/pi/opencv/opencv-4.8.1/build/CMakeFiles/CMakeTmp'
Building CXX object CMakeFiles/cmTC_1a81b.dir/src.cxx.o
/usr/bin/c++   -O3 -DNDEBUG -std=c++11 -fPIE    -fsigned-char -W -Wall -Wreturn-type -Wnon-virtual-dtor -Waddress -Wsequence-point -Wformat -Wformat-security -Wmissing-declarations  -Wstrict-prototypes -o CMakeFiles/cmTC_1a81b.dir/src.cxx.o -c /home/pi/opencv/opencv-4.8.1/build/CMakeFiles/CMakeTmp/src.cxx
cc1plus: warning: command-line option ‘-Wstrict-prototypes’ is valid for C/ObjC but not for C++
/home/pi/opencv/opencv-4.8.1/build/CMakeFiles/CMakeTmp/src.cxx:1: warning: ignoring ‘#pragma  ’ [-Wunknown-pragmas]
    1 | #pragma
Linking CXX executable cmTC_1a81b
/usr/bin/cmake -E cmake_link_script CMakeFiles/cmTC_1a81b.dir/link.txt --verbose=1
/usr/bin/c++ -O3 -DNDEBUG CMakeFiles/cmTC_1a81b.dir/src.cxx.o -o cmTC_1a81b
gmake[1]: Leaving directory '/home/pi/opencv/opencv-4.8.1/build/CMakeFiles/CMakeTmp'


===== END =====

Build output check failed:
    Regex: 'command[- ]line option .* is valid for .* but not for C'
    Output line: 'cc1: warning: command-line option ‘-Wsign-promo’ is valid for C++/ObjC++ but not for C'
Compilation failed:
    source file: '/home/pi/opencv/opencv-4.8.1/build/CMakeFiles/CMakeTmp/src.c'
    check option: ' -fsigned-char -W -Wall -Wreturn-type -Waddress -Wsequence-point -Wformat -Wformat-security -Wmissing-declarations -Wmissing-prototypes -Wstrict-prototypes -Wundef -Winit-self -Wpointer-arith -Wshadow  -Wsign-promo'
===== BUILD LOG =====
Change Dir: '/home/pi/opencv/opencv-4.8.1/build/CMakeFiles/CMakeTmp'

Run Build Command(s): /usr/bin/cmake -E env VERBOSE=1 /usr/bin/gmake -f Makefile cmTC_103a4/fast
/usr/bin/gmake  -f CMakeFiles/cmTC_103a4.dir/build.make CMakeFiles/cmTC_103a4.dir/build
gmake[1]: Entering directory '/home/pi/opencv/opencv-4.8.1/build/CMakeFiles/CMakeTmp'
Building C object CMakeFiles/cmTC_103a4.dir/src.c.o
/usr/bin/cc   -O3 -DNDEBUG -fPIE    -fsigned-char -W -Wall -Wreturn-type -Waddress -Wsequence-point -Wformat -Wformat-security -Wmissing-declarations -Wmissing-prototypes -Wstrict-prototypes -Wundef -Winit-self -Wpointer-arith -Wshadow  -Wsign-promo -o CMakeFiles/cmTC_103a4.dir/src.c.o -c /home/pi/opencv/opencv-4.8.1/build/CMakeFiles/CMakeTmp/src.c
cc1: warning: command-line option ‘-Wsign-promo’ is valid for C++/ObjC++ but not for C
/home/pi/opencv/opencv-4.8.1/build/CMakeFiles/CMakeTmp/src.c:1: warning: ignoring ‘#pragma  ’ [-Wunknown-pragmas]
    1 | #pragma
Linking C executable cmTC_103a4
/usr/bin/cmake -E cmake_link_script CMakeFiles/cmTC_103a4.dir/link.txt --verbose=1
/usr/bin/cc -O3 -DNDEBUG CMakeFiles/cmTC_103a4.dir/src.c.o -o cmTC_103a4
gmake[1]: Leaving directory '/home/pi/opencv/opencv-4.8.1/build/CMakeFiles/CMakeTmp'


===== END =====

Build output check failed:
    Regex: 'command[- ]line option .* is valid for .* but not for C'
    Output line: 'cc1: warning: command-line option ‘-Wsuggest-override’ is valid for C++/ObjC++ but not for C'
Compilation failed:
    source file: '/home/pi/opencv/opencv-4.8.1/build/CMakeFiles/CMakeTmp/src.c'
    check option: ' -fsigned-char -W -Wall -Wreturn-type -Waddress -Wsequence-point -Wformat -Wformat-security -Wmissing-declarations -Wmissing-prototypes -Wstrict-prototypes -Wundef -Winit-self -Wpointer-arith -Wshadow -Wuninitialized -Wno-psabi  -Wsuggest-override'
===== BUILD LOG =====
Change Dir: '/home/pi/opencv/opencv-4.8.1/build/CMakeFiles/CMakeTmp'

Run Build Command(s): /usr/bin/cmake -E env VERBOSE=1 /usr/bin/gmake -f Makefile cmTC_f423f/fast
/usr/bin/gmake  -f CMakeFiles/cmTC_f423f.dir/build.make CMakeFiles/cmTC_f423f.dir/build
gmake[1]: Entering directory '/home/pi/opencv/opencv-4.8.1/build/CMakeFiles/CMakeTmp'
Building C object CMakeFiles/cmTC_f423f.dir/src.c.o
/usr/bin/cc   -O3 -DNDEBUG -fPIE    -fsigned-char -W -Wall -Wreturn-type -Waddress -Wsequence-point -Wformat -Wformat-security -Wmissing-declarations -Wmissing-prototypes -Wstrict-prototypes -Wundef -Winit-self -Wpointer-arith -Wshadow -Wuninitialized -Wno-psabi  -Wsuggest-override -o CMakeFiles/cmTC_f423f.dir/src.c.o -c /home/pi/opencv/opencv-4.8.1/build/CMakeFiles/CMakeTmp/src.c
cc1: warning: command-line option ‘-Wsuggest-override’ is valid for C++/ObjC++ but not for C
/home/pi/opencv/opencv-4.8.1/build/CMakeFiles/CMakeTmp/src.c:1: warning: ignoring ‘#pragma  ’ [-Wunknown-pragmas]
    1 | #pragma
Linking C executable cmTC_f423f
/usr/bin/cmake -E cmake_link_script CMakeFiles/cmTC_f423f.dir/link.txt --verbose=1
/usr/bin/cc -O3 -DNDEBUG CMakeFiles/cmTC_f423f.dir/src.c.o -o cmTC_f423f
gmake[1]: Leaving directory '/home/pi/opencv/opencv-4.8.1/build/CMakeFiles/CMakeTmp'


===== END =====

Build output check failed:
    Regex: 'command[- ]line option .* is valid for .* but not for C'
    Output line: 'cc1: warning: command-line option ‘-Wno-delete-non-virtual-dtor’ is valid for C++/ObjC++ but not for C'
Compilation failed:
    source file: '/home/pi/opencv/opencv-4.8.1/build/CMakeFiles/CMakeTmp/src.c'
    check option: ' -fsigned-char -W -Wall -Wreturn-type -Waddress -Wsequence-point -Wformat -Wformat-security -Wmissing-declarations -Wmissing-prototypes -Wstrict-prototypes -Wundef -Winit-self -Wpointer-arith -Wshadow -Wuninitialized -Wno-psabi  -Wno-delete-non-virtual-dtor'
===== BUILD LOG =====
Change Dir: '/home/pi/opencv/opencv-4.8.1/build/CMakeFiles/CMakeTmp'

Run Build Command(s): /usr/bin/cmake -E env VERBOSE=1 /usr/bin/gmake -f Makefile cmTC_3b084/fast
/usr/bin/gmake  -f CMakeFiles/cmTC_3b084.dir/build.make CMakeFiles/cmTC_3b084.dir/build
gmake[1]: Entering directory '/home/pi/opencv/opencv-4.8.1/build/CMakeFiles/CMakeTmp'
Building C object CMakeFiles/cmTC_3b084.dir/src.c.o
/usr/bin/cc   -O3 -DNDEBUG -fPIE    -fsigned-char -W -Wall -Wreturn-type -Waddress -Wsequence-point -Wformat -Wformat-security -Wmissing-declarations -Wmissing-prototypes -Wstrict-prototypes -Wundef -Winit-self -Wpointer-arith -Wshadow -Wuninitialized -Wno-psabi  -Wno-delete-non-virtual-dtor -o CMakeFiles/cmTC_3b084.dir/src.c.o -c /home/pi/opencv/opencv-4.8.1/build/CMakeFiles/CMakeTmp/src.c
cc1: warning: command-line option ‘-Wno-delete-non-virtual-dtor’ is valid for C++/ObjC++ but not for C
/home/pi/opencv/opencv-4.8.1/build/CMakeFiles/CMakeTmp/src.c:1: warning: ignoring ‘#pragma  ’ [-Wunknown-pragmas]
    1 | #pragma
Linking C executable cmTC_3b084
/usr/bin/cmake -E cmake_link_script CMakeFiles/cmTC_3b084.dir/link.txt --verbose=1
/usr/bin/cc -O3 -DNDEBUG CMakeFiles/cmTC_3b084.dir/src.c.o -o cmTC_3b084
gmake[1]: Leaving directory '/home/pi/opencv/opencv-4.8.1/build/CMakeFiles/CMakeTmp'


===== END =====

Build output check failed:
    Regex: 'unrecognized .*option'
    Output line: 'cc1plus: note: unrecognized command-line option ‘-Wno-unnamed-type-template-args’ may have been intended to silence earlier diagnostics'
Compilation failed:
    source file: '/home/pi/opencv/opencv-4.8.1/build/CMakeFiles/CMakeTmp/src.cxx'
    check option: ' -fsigned-char -W -Wall -Wreturn-type -Wnon-virtual-dtor -Waddress -Wsequence-point -Wformat -Wformat-security -Wmissing-declarations -Wundef -Winit-self -Wpointer-arith -Wshadow -Wsign-promo -Wuninitialized -Wno-psabi -Wsuggest-override -Wno-delete-non-virtual-dtor  -Wno-unnamed-type-template-args'
===== BUILD LOG =====
Change Dir: '/home/pi/opencv/opencv-4.8.1/build/CMakeFiles/CMakeTmp'

Run Build Command(s): /usr/bin/cmake -E env VERBOSE=1 /usr/bin/gmake -f Makefile cmTC_b8f93/fast
/usr/bin/gmake  -f CMakeFiles/cmTC_b8f93.dir/build.make CMakeFiles/cmTC_b8f93.dir/build
gmake[1]: Entering directory '/home/pi/opencv/opencv-4.8.1/build/CMakeFiles/CMakeTmp'
Building CXX object CMakeFiles/cmTC_b8f93.dir/src.cxx.o
/usr/bin/c++   -O3 -DNDEBUG -std=c++11 -fPIE    -fsigned-char -W -Wall -Wreturn-type -Wnon-virtual-dtor -Waddress -Wsequence-point -Wformat -Wformat-security -Wmissing-declarations -Wundef -Winit-self -Wpointer-arith -Wshadow -Wsign-promo -Wuninitialized -Wno-psabi -Wsuggest-override -Wno-delete-non-virtual-dtor  -Wno-unnamed-type-template-args -o CMakeFiles/cmTC_b8f93.dir/src.cxx.o -c /home/pi/opencv/opencv-4.8.1/build/CMakeFiles/CMakeTmp/src.cxx
/home/pi/opencv/opencv-4.8.1/build/CMakeFiles/CMakeTmp/src.cxx:1: warning: ignoring ‘#pragma  ’ [-Wunknown-pragmas]
    1 | #pragma
cc1plus: note: unrecognized command-line option ‘-Wno-unnamed-type-template-args’ may have been intended to silence earlier diagnostics
Linking CXX executable cmTC_b8f93
/usr/bin/cmake -E cmake_link_script CMakeFiles/cmTC_b8f93.dir/link.txt --verbose=1
/usr/bin/c++ -O3 -DNDEBUG CMakeFiles/cmTC_b8f93.dir/src.cxx.o -o cmTC_b8f93
gmake[1]: Leaving directory '/home/pi/opencv/opencv-4.8.1/build/CMakeFiles/CMakeTmp'


===== END =====

Build output check failed:
    Regex: 'unrecognized .*option'
    Output line: 'cc1: note: unrecognized command-line option ‘-Wno-unnamed-type-template-args’ may have been intended to silence earlier diagnostics'
Compilation failed:
    source file: '/home/pi/opencv/opencv-4.8.1/build/CMakeFiles/CMakeTmp/src.c'
    check option: ' -fsigned-char -W -Wall -Wreturn-type -Waddress -Wsequence-point -Wformat -Wformat-security -Wmissing-declarations -Wmissing-prototypes -Wstrict-prototypes -Wundef -Winit-self -Wpointer-arith -Wshadow -Wuninitialized -Wno-psabi  -Wno-unnamed-type-template-args'
===== BUILD LOG =====
Change Dir: '/home/pi/opencv/opencv-4.8.1/build/CMakeFiles/CMakeTmp'

Run Build Command(s): /usr/bin/cmake -E env VERBOSE=1 /usr/bin/gmake -f Makefile cmTC_62e48/fast
/usr/bin/gmake  -f CMakeFiles/cmTC_62e48.dir/build.make CMakeFiles/cmTC_62e48.dir/build
gmake[1]: Entering directory '/home/pi/opencv/opencv-4.8.1/build/CMakeFiles/CMakeTmp'
Building C object CMakeFiles/cmTC_62e48.dir/src.c.o
/usr/bin/cc   -O3 -DNDEBUG -fPIE    -fsigned-char -W -Wall -Wreturn-type -Waddress -Wsequence-point -Wformat -Wformat-security -Wmissing-declarations -Wmissing-prototypes -Wstrict-prototypes -Wundef -Winit-self -Wpointer-arith -Wshadow -Wuninitialized -Wno-psabi  -Wno-unnamed-type-template-args -o CMakeFiles/cmTC_62e48.dir/src.c.o -c /home/pi/opencv/opencv-4.8.1/build/CMakeFiles/CMakeTmp/src.c
/home/pi/opencv/opencv-4.8.1/build/CMakeFiles/CMakeTmp/src.c:1: warning: ignoring ‘#pragma  ’ [-Wunknown-pragmas]
    1 | #pragma
cc1: note: unrecognized command-line option ‘-Wno-unnamed-type-template-args’ may have been intended to silence earlier diagnostics
Linking C executable cmTC_62e48
/usr/bin/cmake -E cmake_link_script CMakeFiles/cmTC_62e48.dir/link.txt --verbose=1
/usr/bin/cc -O3 -DNDEBUG CMakeFiles/cmTC_62e48.dir/src.c.o -o cmTC_62e48
gmake[1]: Leaving directory '/home/pi/opencv/opencv-4.8.1/build/CMakeFiles/CMakeTmp'


===== END =====

Compilation failed:
    source file: '/home/pi/opencv/opencv-4.8.1/cmake/checks/cpu_neon.cpp'
    check option: ''
===== BUILD LOG =====
Change Dir: '/home/pi/opencv/opencv-4.8.1/build/CMakeFiles/CMakeTmp'

Run Build Command(s): /usr/bin/cmake -E env VERBOSE=1 /usr/bin/gmake -f Makefile cmTC_b9311/fast
/usr/bin/gmake  -f CMakeFiles/cmTC_b9311.dir/build.make CMakeFiles/cmTC_b9311.dir/build
gmake[1]: Entering directory '/home/pi/opencv/opencv-4.8.1/build/CMakeFiles/CMakeTmp'
Building CXX object CMakeFiles/cmTC_b9311.dir/cpu_neon.cpp.o
/usr/bin/c++   -O3 -DNDEBUG -std=c++11 -fPIE -o CMakeFiles/cmTC_b9311.dir/cpu_neon.cpp.o -c /home/pi/opencv/opencv-4.8.1/cmake/checks/cpu_neon.cpp
/home/pi/opencv/opencv-4.8.1/cmake/checks/cpu_neon.cpp:25:2: error: #error "NEON is not supported"
   25 | #error "NEON is not supported"
      |  ^~~~~
/home/pi/opencv/opencv-4.8.1/cmake/checks/cpu_neon.cpp:14:30: error: ‘uint8x16_t’ does not name a type
   14 | void test_aliased_type(const uint8x16_t& a) { }
      |                              ^~~~~~~~~~
/home/pi/opencv/opencv-4.8.1/cmake/checks/cpu_neon.cpp:15:30: error: ‘int8x16_t’ does not name a type
   15 | void test_aliased_type(const int8x16_t& a) { }
      |                              ^~~~~~~~~
/home/pi/opencv/opencv-4.8.1/cmake/checks/cpu_neon.cpp:15:6: error: redefinition of ‘void test_aliased_type(const int&)’
   15 | void test_aliased_type(const int8x16_t& a) { }
      |      ^~~~~~~~~~~~~~~~~
/home/pi/opencv/opencv-4.8.1/cmake/checks/cpu_neon.cpp:14:6: note: ‘void test_aliased_type(const int&)’ previously defined here
   14 | void test_aliased_type(const uint8x16_t& a) { }
      |      ^~~~~~~~~~~~~~~~~
/home/pi/opencv/opencv-4.8.1/cmake/checks/cpu_neon.cpp: In function ‘int main()’:
/home/pi/opencv/opencv-4.8.1/cmake/checks/cpu_neon.cpp:30:18: error: ‘test’ was not declared in this scope
   30 |   printf("%d\n", test());
      |                  ^~~~
gmake[1]: *** [CMakeFiles/cmTC_b9311.dir/build.make:81: CMakeFiles/cmTC_b9311.dir/cpu_neon.cpp.o] Error 1
gmake[1]: Leaving directory '/home/pi/opencv/opencv-4.8.1/build/CMakeFiles/CMakeTmp'
gmake: *** [Makefile:134: cmTC_b9311/fast] Error 2


===== END =====

Compilation failed:
    source file: '/home/pi/opencv/opencv-4.8.1/cmake/checks/cpu_fp16.cpp'
    check option: ' -mfpu=neon'
===== BUILD LOG =====
Change Dir: '/home/pi/opencv/opencv-4.8.1/build/CMakeFiles/CMakeTmp'

Run Build Command(s): /usr/bin/cmake -E env VERBOSE=1 /usr/bin/gmake -f Makefile cmTC_c7dff/fast
/usr/bin/gmake  -f CMakeFiles/cmTC_c7dff.dir/build.make CMakeFiles/cmTC_c7dff.dir/build
gmake[1]: Entering directory '/home/pi/opencv/opencv-4.8.1/build/CMakeFiles/CMakeTmp'
Building CXX object CMakeFiles/cmTC_c7dff.dir/cpu_fp16.cpp.o
/usr/bin/c++   -O3 -DNDEBUG -std=c++11 -fPIE    -mfpu=neon -o CMakeFiles/cmTC_c7dff.dir/cpu_fp16.cpp.o -c /home/pi/opencv/opencv-4.8.1/cmake/checks/cpu_fp16.cpp
/home/pi/opencv/opencv-4.8.1/cmake/checks/cpu_fp16.cpp: In function ‘int test()’:
/home/pi/opencv/opencv-4.8.1/cmake/checks/cpu_fp16.cpp:21:5: error: ‘float16x4_t’ was not declared in this scope; did you mean ‘bfloat16x4_t’?
   21 |     float16x4_t v_dst = vcvt_f16_f32(v_src);
      |     ^~~~~~~~~~~
      |     bfloat16x4_t
/home/pi/opencv/opencv-4.8.1/cmake/checks/cpu_fp16.cpp:22:19: error: expected primary-expression before ‘)’ token
   22 |     *(float16x4_t*)dst = v_dst;
      |                   ^
gmake[1]: *** [CMakeFiles/cmTC_c7dff.dir/build.make:81: CMakeFiles/cmTC_c7dff.dir/cpu_fp16.cpp.o] Error 1
gmake[1]: Leaving directory '/home/pi/opencv/opencv-4.8.1/build/CMakeFiles/CMakeTmp'
gmake: *** [Makefile:134: cmTC_c7dff/fast] Error 2


===== END =====

Build output check failed:
    Regex: 'command[- ]line option .* is valid for .* but not for C'
    Output line: 'cc1: warning: command-line option ‘-fvisibility-inlines-hidden’ is valid for C++/ObjC++ but not for C'
Compilation failed:
    source file: '/home/pi/opencv/opencv-4.8.1/build/CMakeFiles/CMakeTmp/src.c'
    check option: ' -fsigned-char -W -Wall -Wreturn-type -Waddress -Wsequence-point -Wformat -Wformat-security -Wmissing-declarations -Wmissing-prototypes -Wstrict-prototypes -Wundef -Winit-self -Wpointer-arith -Wshadow -Wuninitialized -Wno-psabi -Wno-comment -Wimplicit-fallthrough=3 -Wno-strict-overflow -fdiagnostics-show-option -pthread -fomit-frame-pointer -ffunction-sections -fdata-sections  -mfpu=neon -fvisibility=hidden  -fvisibility-inlines-hidden'
===== BUILD LOG =====
Change Dir: '/home/pi/opencv/opencv-4.8.1/build/CMakeFiles/CMakeTmp'

Run Build Command(s): /usr/bin/cmake -E env VERBOSE=1 /usr/bin/gmake -f Makefile cmTC_efaaa/fast
/usr/bin/gmake  -f CMakeFiles/cmTC_efaaa.dir/build.make CMakeFiles/cmTC_efaaa.dir/build
gmake[1]: Entering directory '/home/pi/opencv/opencv-4.8.1/build/CMakeFiles/CMakeTmp'
Building C object CMakeFiles/cmTC_efaaa.dir/src.c.o
/usr/bin/cc   -O3 -DNDEBUG -fPIE    -fsigned-char -W -Wall -Wreturn-type -Waddress -Wsequence-point -Wformat -Wformat-security -Wmissing-declarations -Wmissing-prototypes -Wstrict-prototypes -Wundef -Winit-self -Wpointer-arith -Wshadow -Wuninitialized -Wno-psabi -Wno-comment -Wimplicit-fallthrough=3 -Wno-strict-overflow -fdiagnostics-show-option -pthread -fomit-frame-pointer -ffunction-sections -fdata-sections  -mfpu=neon -fvisibility=hidden  -fvisibility-inlines-hidden -o CMakeFiles/cmTC_efaaa.dir/src.c.o -c /home/pi/opencv/opencv-4.8.1/build/CMakeFiles/CMakeTmp/src.c
cc1: warning: command-line option ‘-fvisibility-inlines-hidden’ is valid for C++/ObjC++ but not for C
/home/pi/opencv/opencv-4.8.1/build/CMakeFiles/CMakeTmp/src.c:1: warning: ignoring ‘#pragma  ’ [-Wunknown-pragmas]
    1 | #pragma
Linking C executable cmTC_efaaa
/usr/bin/cmake -E cmake_link_script CMakeFiles/cmTC_efaaa.dir/link.txt --verbose=1
/usr/bin/cc -O3 -DNDEBUG CMakeFiles/cmTC_efaaa.dir/src.c.o -o cmTC_efaaa
gmake[1]: Leaving directory '/home/pi/opencv/opencv-4.8.1/build/CMakeFiles/CMakeTmp'


===== END =====

Build output check failed:
    Regex: 'unrecognized .*option'
    Output line: 'cc1: note: unrecognized command-line option ‘-Wno-implicit-const-int-float-conversion’ may have been intended to silence earlier diagnostics'
Compilation failed:
    source file: '/home/pi/opencv/opencv-4.8.1/build/CMakeFiles/CMakeTmp/src.c'
    check option: ' -Wno-implicit-const-int-float-conversion'
===== BUILD LOG =====
Change Dir: '/home/pi/opencv/opencv-4.8.1/build/CMakeFiles/CMakeTmp'

Run Build Command(s): /usr/bin/cmake -E env VERBOSE=1 /usr/bin/gmake -f Makefile cmTC_de4d0/fast
/usr/bin/gmake  -f CMakeFiles/cmTC_de4d0.dir/build.make CMakeFiles/cmTC_de4d0.dir/build
gmake[1]: Entering directory '/home/pi/opencv/opencv-4.8.1/build/CMakeFiles/CMakeTmp'
Building C object CMakeFiles/cmTC_de4d0.dir/src.c.o
/usr/bin/cc   -fsigned-char -W -Wall -Wreturn-type -Waddress -Wsequence-point -Wformat -Wformat-security -Wmissing-declarations -Wmissing-prototypes -Wstrict-prototypes -Wundef -Winit-self -Wpointer-arith -Wshadow -Wuninitialized -Wno-psabi -Wno-comment -Wimplicit-fallthrough=3 -Wno-strict-overflow -fdiagnostics-show-option -pthread -fomit-frame-pointer -ffunction-sections -fdata-sections  -mfpu=neon -fvisibility=hidden  -O3 -DNDEBUG  -DNDEBUG -fPIE    -Wno-implicit-const-int-float-conversion -o CMakeFiles/cmTC_de4d0.dir/src.c.o -c /home/pi/opencv/opencv-4.8.1/build/CMakeFiles/CMakeTmp/src.c
/home/pi/opencv/opencv-4.8.1/build/CMakeFiles/CMakeTmp/src.c:1: warning: ignoring ‘#pragma  ’ [-Wunknown-pragmas]
    1 | #pragma
cc1: note: unrecognized command-line option ‘-Wno-implicit-const-int-float-conversion’ may have been intended to silence earlier diagnostics
Linking C executable cmTC_de4d0
/usr/bin/cmake -E cmake_link_script CMakeFiles/cmTC_de4d0.dir/link.txt --verbose=1
/usr/bin/cc    -fsigned-char -W -Wall -Wreturn-type -Waddress -Wsequence-point -Wformat -Wformat-security -Wmissing-declarations -Wmissing-prototypes -Wstrict-prototypes -Wundef -Winit-self -Wpointer-arith -Wshadow -Wuninitialized -Wno-psabi -Wno-comment -Wimplicit-fallthrough=3 -Wno-strict-overflow -fdiagnostics-show-option -pthread -fomit-frame-pointer -ffunction-sections -fdata-sections  -mfpu=neon -fvisibility=hidden  -O3 -DNDEBUG  -DNDEBUG   -Wl,--gc-sections -Wl,--as-needed -Wl,--no-undefined  CMakeFiles/cmTC_de4d0.dir/src.c.o -o cmTC_de4d0
gmake[1]: Leaving directory '/home/pi/opencv/opencv-4.8.1/build/CMakeFiles/CMakeTmp'


===== END =====

Build output check failed:
    Regex: 'command[- ]line option .* is valid for .* but not for C\+\+'
    Output line: 'cc1plus: warning: command-line option ‘-Wno-missing-prototypes’ is valid for C/ObjC but not for C++'
Compilation failed:
    source file: '/home/pi/opencv/opencv-4.8.1/build/CMakeFiles/CMakeTmp/src.cxx'
    check option: ' -Wno-missing-prototypes'
===== BUILD LOG =====
Change Dir: '/home/pi/opencv/opencv-4.8.1/build/CMakeFiles/CMakeTmp'

Run Build Command(s): /usr/bin/cmake -E env VERBOSE=1 /usr/bin/gmake -f Makefile cmTC_509ea/fast
/usr/bin/gmake  -f CMakeFiles/cmTC_509ea.dir/build.make CMakeFiles/cmTC_509ea.dir/build
gmake[1]: Entering directory '/home/pi/opencv/opencv-4.8.1/build/CMakeFiles/CMakeTmp'
Building CXX object CMakeFiles/cmTC_509ea.dir/src.cxx.o
/usr/bin/c++   -fsigned-char -W -Wall -Wreturn-type -Wnon-virtual-dtor -Waddress -Wsequence-point -Wformat -Wformat-security -Wmissing-declarations -Wundef -Winit-self -Wpointer-arith -Wshadow -Wsign-promo -Wuninitialized -Wno-psabi -Wsuggest-override -Wno-delete-non-virtual-dtor -Wno-comment -Wimplicit-fallthrough=3 -Wno-strict-overflow -fdiagnostics-show-option -pthread -fomit-frame-pointer -ffunction-sections -fdata-sections  -mfpu=neon -fvisibility=hidden -fvisibility-inlines-hidden -Wno-deprecated  -O3 -DNDEBUG  -DNDEBUG -std=c++11 -fPIE    -Wno-missing-prototypes -o CMakeFiles/cmTC_509ea.dir/src.cxx.o -c /home/pi/opencv/opencv-4.8.1/build/CMakeFiles/CMakeTmp/src.cxx
cc1plus: warning: command-line option ‘-Wno-missing-prototypes’ is valid for C/ObjC but not for C++
/home/pi/opencv/opencv-4.8.1/build/CMakeFiles/CMakeTmp/src.cxx:1: warning: ignoring ‘#pragma  ’ [-Wunknown-pragmas]
    1 | #pragma
Linking CXX executable cmTC_509ea
/usr/bin/cmake -E cmake_link_script CMakeFiles/cmTC_509ea.dir/link.txt --verbose=1
/usr/bin/c++    -fsigned-char -W -Wall -Wreturn-type -Wnon-virtual-dtor -Waddress -Wsequence-point -Wformat -Wformat-security -Wmissing-declarations -Wundef -Winit-self -Wpointer-arith -Wshadow -Wsign-promo -Wuninitialized -Wno-psabi -Wsuggest-override -Wno-delete-non-virtual-dtor -Wno-comment -Wimplicit-fallthrough=3 -Wno-strict-overflow -fdiagnostics-show-option -pthread -fomit-frame-pointer -ffunction-sections -fdata-sections  -mfpu=neon -fvisibility=hidden -fvisibility-inlines-hidden -Wno-deprecated  -O3 -DNDEBUG  -DNDEBUG   -Wl,--gc-sections -Wl,--as-needed -Wl,--no-undefined  CMakeFiles/cmTC_509ea.dir/src.cxx.o -o cmTC_509ea
gmake[1]: Leaving directory '/home/pi/opencv/opencv-4.8.1/build/CMakeFiles/CMakeTmp'


===== END =====

Build output check failed:
    Regex: 'unrecognized .*option'
    Output line: 'cc1plus: note: unrecognized command-line option ‘-Wno-tautological-undefined-compare’ may have been intended to silence earlier diagnostics'
Compilation failed:
    source file: '/home/pi/opencv/opencv-4.8.1/build/CMakeFiles/CMakeTmp/src.cxx'
    check option: ' -Wno-tautological-undefined-compare'
===== BUILD LOG =====
Change Dir: '/home/pi/opencv/opencv-4.8.1/build/CMakeFiles/CMakeTmp'

Run Build Command(s): /usr/bin/cmake -E env VERBOSE=1 /usr/bin/gmake -f Makefile cmTC_969da/fast
/usr/bin/gmake  -f CMakeFiles/cmTC_969da.dir/build.make CMakeFiles/cmTC_969da.dir/build
gmake[1]: Entering directory '/home/pi/opencv/opencv-4.8.1/build/CMakeFiles/CMakeTmp'
Building CXX object CMakeFiles/cmTC_969da.dir/src.cxx.o
/usr/bin/c++   -fsigned-char -W -Wall -Wreturn-type -Wnon-virtual-dtor -Waddress -Wsequence-point -Wformat -Wformat-security -Winit-self -Wpointer-arith -Wuninitialized -Wno-psabi -Wsuggest-override -Wno-delete-non-virtual-dtor -Wno-comment -Wimplicit-fallthrough=3 -Wno-strict-overflow -fdiagnostics-show-option -pthread -fomit-frame-pointer -ffunction-sections -fdata-sections  -mfpu=neon -fvisibility=hidden -fvisibility-inlines-hidden -Wno-deprecated -Wno-missing-declarations -Wno-shadow -Wno-unused-parameter -Wno-unused-local-typedefs -Wno-sign-compare -Wno-sign-promo -Wno-undef  -O3 -DNDEBUG  -DNDEBUG -std=c++11 -fPIE    -Wno-tautological-undefined-compare -o CMakeFiles/cmTC_969da.dir/src.cxx.o -c /home/pi/opencv/opencv-4.8.1/build/CMakeFiles/CMakeTmp/src.cxx
/home/pi/opencv/opencv-4.8.1/build/CMakeFiles/CMakeTmp/src.cxx:1: warning: ignoring ‘#pragma  ’ [-Wunknown-pragmas]
    1 | #pragma
cc1plus: note: unrecognized command-line option ‘-Wno-tautological-undefined-compare’ may have been intended to silence earlier diagnostics
Linking CXX executable cmTC_969da
/usr/bin/cmake -E cmake_link_script CMakeFiles/cmTC_969da.dir/link.txt --verbose=1
/usr/bin/c++    -fsigned-char -W -Wall -Wreturn-type -Wnon-virtual-dtor -Waddress -Wsequence-point -Wformat -Wformat-security -Winit-self -Wpointer-arith -Wuninitialized -Wno-psabi -Wsuggest-override -Wno-delete-non-virtual-dtor -Wno-comment -Wimplicit-fallthrough=3 -Wno-strict-overflow -fdiagnostics-show-option -pthread -fomit-frame-pointer -ffunction-sections -fdata-sections  -mfpu=neon -fvisibility=hidden -fvisibility-inlines-hidden -Wno-deprecated -Wno-missing-declarations -Wno-shadow -Wno-unused-parameter -Wno-unused-local-typedefs -Wno-sign-compare -Wno-sign-promo -Wno-undef  -O3 -DNDEBUG  -DNDEBUG   -Wl,--gc-sections -Wl,--as-needed -Wl,--no-undefined  CMakeFiles/cmTC_969da.dir/src.cxx.o -o cmTC_969da
gmake[1]: Leaving directory '/home/pi/opencv/opencv-4.8.1/build/CMakeFiles/CMakeTmp'


===== END =====

Build output check failed:
    Regex: 'unrecognized .*option'
    Output line: 'cc1plus: note: unrecognized command-line option ‘-Wno-shorten-64-to-32’ may have been intended to silence earlier diagnostics'
Compilation failed:
    source file: '/home/pi/opencv/opencv-4.8.1/build/CMakeFiles/CMakeTmp/src.cxx'
    check option: ' -Wno-shorten-64-to-32'
===== BUILD LOG =====
Change Dir: '/home/pi/opencv/opencv-4.8.1/build/CMakeFiles/CMakeTmp'

Run Build Command(s): /usr/bin/cmake -E env VERBOSE=1 /usr/bin/gmake -f Makefile cmTC_e6456/fast
/usr/bin/gmake  -f CMakeFiles/cmTC_e6456.dir/build.make CMakeFiles/cmTC_e6456.dir/build
gmake[1]: Entering directory '/home/pi/opencv/opencv-4.8.1/build/CMakeFiles/CMakeTmp'
Building CXX object CMakeFiles/cmTC_e6456.dir/src.cxx.o
/usr/bin/c++   -fsigned-char -W -Wall -Wreturn-type -Wnon-virtual-dtor -Waddress -Wsequence-point -Wformat -Wformat-security -Winit-self -Wpointer-arith -Wuninitialized -Wno-psabi -Wsuggest-override -Wno-delete-non-virtual-dtor -Wno-comment -Wimplicit-fallthrough=3 -Wno-strict-overflow -fdiagnostics-show-option -pthread -fomit-frame-pointer -ffunction-sections -fdata-sections  -mfpu=neon -fvisibility=hidden -fvisibility-inlines-hidden -Wno-deprecated -Wno-missing-declarations -Wno-shadow -Wno-unused-parameter -Wno-unused-local-typedefs -Wno-sign-compare -Wno-sign-promo -Wno-undef -Wno-ignored-qualifiers -Wno-extra -Wno-unused-function -Wno-unused-const-variable  -O3 -DNDEBUG  -DNDEBUG -std=c++11 -fPIE    -Wno-shorten-64-to-32 -o CMakeFiles/cmTC_e6456.dir/src.cxx.o -c /home/pi/opencv/opencv-4.8.1/build/CMakeFiles/CMakeTmp/src.cxx
/home/pi/opencv/opencv-4.8.1/build/CMakeFiles/CMakeTmp/src.cxx:1: warning: ignoring ‘#pragma  ’ [-Wunknown-pragmas]
    1 | #pragma
cc1plus: note: unrecognized command-line option ‘-Wno-shorten-64-to-32’ may have been intended to silence earlier diagnostics
Linking CXX executable cmTC_e6456
/usr/bin/cmake -E cmake_link_script CMakeFiles/cmTC_e6456.dir/link.txt --verbose=1
/usr/bin/c++    -fsigned-char -W -Wall -Wreturn-type -Wnon-virtual-dtor -Waddress -Wsequence-point -Wformat -Wformat-security -Winit-self -Wpointer-arith -Wuninitialized -Wno-psabi -Wsuggest-override -Wno-delete-non-virtual-dtor -Wno-comment -Wimplicit-fallthrough=3 -Wno-strict-overflow -fdiagnostics-show-option -pthread -fomit-frame-pointer -ffunction-sections -fdata-sections  -mfpu=neon -fvisibility=hidden -fvisibility-inlines-hidden -Wno-deprecated -Wno-missing-declarations -Wno-shadow -Wno-unused-parameter -Wno-unused-local-typedefs -Wno-sign-compare -Wno-sign-promo -Wno-undef -Wno-ignored-qualifiers -Wno-extra -Wno-unused-function -Wno-unused-const-variable  -O3 -DNDEBUG  -DNDEBUG   -Wl,--gc-sections -Wl,--as-needed -Wl,--no-undefined  CMakeFiles/cmTC_e6456.dir/src.cxx.o -o cmTC_e6456
gmake[1]: Leaving directory '/home/pi/opencv/opencv-4.8.1/build/CMakeFiles/CMakeTmp'


===== END =====

Build output check failed:
    Regex: 'unrecognized .*option'
    Output line: 'cc1plus: note: unrecognized command-line option ‘-Wno-enum-compare-switch’ may have been intended to silence earlier diagnostics'
Compilation failed:
    source file: '/home/pi/opencv/opencv-4.8.1/build/CMakeFiles/CMakeTmp/src.cxx'
    check option: ' -Wno-enum-compare-switch'
===== BUILD LOG =====
Change Dir: '/home/pi/opencv/opencv-4.8.1/build/CMakeFiles/CMakeTmp'

Run Build Command(s): /usr/bin/cmake -E env VERBOSE=1 /usr/bin/gmake -f Makefile cmTC_8f0b4/fast
/usr/bin/gmake  -f CMakeFiles/cmTC_8f0b4.dir/build.make CMakeFiles/cmTC_8f0b4.dir/build
gmake[1]: Entering directory '/home/pi/opencv/opencv-4.8.1/build/CMakeFiles/CMakeTmp'
Building CXX object CMakeFiles/cmTC_8f0b4.dir/src.cxx.o
/usr/bin/c++   -fsigned-char -W -Wall -Wreturn-type -Wnon-virtual-dtor -Waddress -Wsequence-point -Wformat -Wformat-security -Winit-self -Wpointer-arith -Wuninitialized -Wno-psabi -Wsuggest-override -Wno-delete-non-virtual-dtor -Wno-comment -Wimplicit-fallthrough=3 -Wno-strict-overflow -fdiagnostics-show-option -pthread -fomit-frame-pointer -ffunction-sections -fdata-sections  -mfpu=neon -fvisibility=hidden -fvisibility-inlines-hidden -Wno-deprecated -Wno-missing-declarations -Wno-shadow -Wno-unused-parameter -Wno-unused-local-typedefs -Wno-sign-compare -Wno-sign-promo -Wno-undef -Wno-ignored-qualifiers -Wno-extra -Wno-unused-function -Wno-unused-const-variable -Wno-invalid-offsetof  -O3 -DNDEBUG  -DNDEBUG -std=c++11 -fPIE    -Wno-enum-compare-switch -o CMakeFiles/cmTC_8f0b4.dir/src.cxx.o -c /home/pi/opencv/opencv-4.8.1/build/CMakeFiles/CMakeTmp/src.cxx
/home/pi/opencv/opencv-4.8.1/build/CMakeFiles/CMakeTmp/src.cxx:1: warning: ignoring ‘#pragma  ’ [-Wunknown-pragmas]
    1 | #pragma
cc1plus: note: unrecognized command-line option ‘-Wno-enum-compare-switch’ may have been intended to silence earlier diagnostics
Linking CXX executable cmTC_8f0b4
/usr/bin/cmake -E cmake_link_script CMakeFiles/cmTC_8f0b4.dir/link.txt --verbose=1
/usr/bin/c++    -fsigned-char -W -Wall -Wreturn-type -Wnon-virtual-dtor -Waddress -Wsequence-point -Wformat -Wformat-security -Winit-self -Wpointer-arith -Wuninitialized -Wno-psabi -Wsuggest-override -Wno-delete-non-virtual-dtor -Wno-comment -Wimplicit-fallthrough=3 -Wno-strict-overflow -fdiagnostics-show-option -pthread -fomit-frame-pointer -ffunction-sections -fdata-sections  -mfpu=neon -fvisibility=hidden -fvisibility-inlines-hidden -Wno-deprecated -Wno-missing-declarations -Wno-shadow -Wno-unused-parameter -Wno-unused-local-typedefs -Wno-sign-compare -Wno-sign-promo -Wno-undef -Wno-ignored-qualifiers -Wno-extra -Wno-unused-function -Wno-unused-const-variable -Wno-invalid-offsetof  -O3 -DNDEBUG  -DNDEBUG   -Wl,--gc-sections -Wl,--as-needed -Wl,--no-undefined  CMakeFiles/cmTC_8f0b4.dir/src.cxx.o -o cmTC_8f0b4
gmake[1]: Leaving directory '/home/pi/opencv/opencv-4.8.1/build/CMakeFiles/CMakeTmp'


===== END =====

Build output check failed:
    Regex: 'unrecognized .*option'
    Output line: 'cc1plus: note: unrecognized command-line option ‘-Wno-inconsistent-missing-override’ may have been intended to silence earlier diagnostics'
Compilation failed:
    source file: '/home/pi/opencv/opencv-4.8.1/build/CMakeFiles/CMakeTmp/src.cxx'
    check option: ' -Wno-inconsistent-missing-override'
===== BUILD LOG =====
Change Dir: '/home/pi/opencv/opencv-4.8.1/build/CMakeFiles/CMakeTmp'

Run Build Command(s): /usr/bin/cmake -E env VERBOSE=1 /usr/bin/gmake -f Makefile cmTC_f02f8/fast
/usr/bin/gmake  -f CMakeFiles/cmTC_f02f8.dir/build.make CMakeFiles/cmTC_f02f8.dir/build
gmake[1]: Entering directory '/home/pi/opencv/opencv-4.8.1/build/CMakeFiles/CMakeTmp'
Building CXX object CMakeFiles/cmTC_f02f8.dir/src.cxx.o
/usr/bin/c++   -fsigned-char -W -Wall -Wreturn-type -Wnon-virtual-dtor -Waddress -Wsequence-point -Wformat -Wformat-security -Winit-self -Wpointer-arith -Wuninitialized -Wno-psabi -Wno-delete-non-virtual-dtor -Wno-comment -Wimplicit-fallthrough=3 -Wno-strict-overflow -fdiagnostics-show-option -pthread -fomit-frame-pointer -ffunction-sections -fdata-sections  -mfpu=neon -fvisibility=hidden -fvisibility-inlines-hidden -Wno-deprecated -Wno-missing-declarations -Wno-shadow -Wno-unused-parameter -Wno-unused-local-typedefs -Wno-sign-compare -Wno-sign-promo -Wno-undef -Wno-ignored-qualifiers -Wno-extra -Wno-unused-function -Wno-unused-const-variable -Wno-invalid-offsetof -Wno-suggest-override  -O3 -DNDEBUG  -DNDEBUG -std=c++11 -fPIE    -Wno-inconsistent-missing-override -o CMakeFiles/cmTC_f02f8.dir/src.cxx.o -c /home/pi/opencv/opencv-4.8.1/build/CMakeFiles/CMakeTmp/src.cxx
/home/pi/opencv/opencv-4.8.1/build/CMakeFiles/CMakeTmp/src.cxx:1: warning: ignoring ‘#pragma  ’ [-Wunknown-pragmas]
    1 | #pragma
cc1plus: note: unrecognized command-line option ‘-Wno-inconsistent-missing-override’ may have been intended to silence earlier diagnostics
Linking CXX executable cmTC_f02f8
/usr/bin/cmake -E cmake_link_script CMakeFiles/cmTC_f02f8.dir/link.txt --verbose=1
/usr/bin/c++    -fsigned-char -W -Wall -Wreturn-type -Wnon-virtual-dtor -Waddress -Wsequence-point -Wformat -Wformat-security -Winit-self -Wpointer-arith -Wuninitialized -Wno-psabi -Wno-delete-non-virtual-dtor -Wno-comment -Wimplicit-fallthrough=3 -Wno-strict-overflow -fdiagnostics-show-option -pthread -fomit-frame-pointer -ffunction-sections -fdata-sections  -mfpu=neon -fvisibility=hidden -fvisibility-inlines-hidden -Wno-deprecated -Wno-missing-declarations -Wno-shadow -Wno-unused-parameter -Wno-unused-local-typedefs -Wno-sign-compare -Wno-sign-promo -Wno-undef -Wno-ignored-qualifiers -Wno-extra -Wno-unused-function -Wno-unused-const-variable -Wno-invalid-offsetof -Wno-suggest-override  -O3 -DNDEBUG  -DNDEBUG   -Wl,--gc-sections -Wl,--as-needed -Wl,--no-undefined  CMakeFiles/cmTC_f02f8.dir/src.cxx.o -o cmTC_f02f8
gmake[1]: Leaving directory '/home/pi/opencv/opencv-4.8.1/build/CMakeFiles/CMakeTmp'


===== END =====

Build output check failed:
    Regex: 'command[- ]line option .* is valid for .* but not for C'
    Output line: 'cc1: warning: command-line option ‘-Wnon-virtual-dtor’ is valid for C++/ObjC++ but not for C'
Compilation failed:
    source file: '/home/pi/opencv/opencv-4.8.1/build/CMakeFiles/CMakeTmp/src.c'
    check option: ' -fsigned-char -W -Wall -Wreturn-type  -Wnon-virtual-dtor'
===== BUILD LOG =====
Change Dir: '/home/pi/opencv/opencv-4.8.1/build/CMakeFiles/CMakeTmp'

Run Build Command(s): /usr/bin/cmake -E env VERBOSE=1 /usr/bin/gmake -f Makefile cmTC_785ea/fast
/usr/bin/gmake  -f CMakeFiles/cmTC_785ea.dir/build.make CMakeFiles/cmTC_785ea.dir/build
gmake[1]: Entering directory '/home/pi/opencv/opencv-4.8.1/build/CMakeFiles/CMakeTmp'
Building C object CMakeFiles/cmTC_785ea.dir/src.c.o
/usr/bin/cc   -O3 -DNDEBUG -fPIE    -fsigned-char -W -Wall -Wreturn-type  -Wnon-virtual-dtor -o CMakeFiles/cmTC_785ea.dir/src.c.o -c /home/pi/opencv/opencv-4.8.1/build/CMakeFiles/CMakeTmp/src.c
cc1: warning: command-line option ‘-Wnon-virtual-dtor’ is valid for C++/ObjC++ but not for C
/home/pi/opencv/opencv-4.8.1/build/CMakeFiles/CMakeTmp/src.c:1: warning: ignoring ‘#pragma  ’ [-Wunknown-pragmas]
    1 | #pragma
Linking C executable cmTC_785ea
/usr/bin/cmake -E cmake_link_script CMakeFiles/cmTC_785ea.dir/link.txt --verbose=1
/usr/bin/cc -O3 -DNDEBUG -latomic  CMakeFiles/cmTC_785ea.dir/src.c.o -o cmTC_785ea
gmake[1]: Leaving directory '/home/pi/opencv/opencv-4.8.1/build/CMakeFiles/CMakeTmp'


===== END =====

Build output check failed:
    Regex: 'command[- ]line option .* is valid for .* but not for C\+\+'
    Output line: 'cc1plus: warning: command-line option ‘-Wmissing-prototypes’ is valid for C/ObjC but not for C++'
Compilation failed:
    source file: '/home/pi/opencv/opencv-4.8.1/build/CMakeFiles/CMakeTmp/src.cxx'
    check option: ' -fsigned-char -W -Wall -Wreturn-type -Wnon-virtual-dtor -Waddress -Wsequence-point -Wformat -Wformat-security -Wmissing-declarations  -Wmissing-prototypes'
===== BUILD LOG =====
Change Dir: '/home/pi/opencv/opencv-4.8.1/build/CMakeFiles/CMakeTmp'

Run Build Command(s): /usr/bin/cmake -E env VERBOSE=1 /usr/bin/gmake -f Makefile cmTC_490ef/fast
/usr/bin/gmake  -f CMakeFiles/cmTC_490ef.dir/build.make CMakeFiles/cmTC_490ef.dir/build
gmake[1]: Entering directory '/home/pi/opencv/opencv-4.8.1/build/CMakeFiles/CMakeTmp'
Building CXX object CMakeFiles/cmTC_490ef.dir/src.cxx.o
/usr/bin/c++   -O3 -DNDEBUG -std=c++11 -fPIE    -fsigned-char -W -Wall -Wreturn-type -Wnon-virtual-dtor -Waddress -Wsequence-point -Wformat -Wformat-security -Wmissing-declarations  -Wmissing-prototypes -o CMakeFiles/cmTC_490ef.dir/src.cxx.o -c /home/pi/opencv/opencv-4.8.1/build/CMakeFiles/CMakeTmp/src.cxx
cc1plus: warning: command-line option ‘-Wmissing-prototypes’ is valid for C/ObjC but not for C++
/home/pi/opencv/opencv-4.8.1/build/CMakeFiles/CMakeTmp/src.cxx:1: warning: ignoring ‘#pragma  ’ [-Wunknown-pragmas]
    1 | #pragma
Linking CXX executable cmTC_490ef
/usr/bin/cmake -E cmake_link_script CMakeFiles/cmTC_490ef.dir/link.txt --verbose=1
/usr/bin/c++ -O3 -DNDEBUG -latomic  CMakeFiles/cmTC_490ef.dir/src.cxx.o -o cmTC_490ef
gmake[1]: Leaving directory '/home/pi/opencv/opencv-4.8.1/build/CMakeFiles/CMakeTmp'


===== END =====

Build output check failed:
    Regex: 'command[- ]line option .* is valid for .* but not for C\+\+'
    Output line: 'cc1plus: warning: command-line option ‘-Wstrict-prototypes’ is valid for C/ObjC but not for C++'
Compilation failed:
    source file: '/home/pi/opencv/opencv-4.8.1/build/CMakeFiles/CMakeTmp/src.cxx'
    check option: ' -fsigned-char -W -Wall -Wreturn-type -Wnon-virtual-dtor -Waddress -Wsequence-point -Wformat -Wformat-security -Wmissing-declarations  -Wstrict-prototypes'
===== BUILD LOG =====
Change Dir: '/home/pi/opencv/opencv-4.8.1/build/CMakeFiles/CMakeTmp'

Run Build Command(s): /usr/bin/cmake -E env VERBOSE=1 /usr/bin/gmake -f Makefile cmTC_83b8a/fast
/usr/bin/gmake  -f CMakeFiles/cmTC_83b8a.dir/build.make CMakeFiles/cmTC_83b8a.dir/build
gmake[1]: Entering directory '/home/pi/opencv/opencv-4.8.1/build/CMakeFiles/CMakeTmp'
Building CXX object CMakeFiles/cmTC_83b8a.dir/src.cxx.o
/usr/bin/c++   -O3 -DNDEBUG -std=c++11 -fPIE    -fsigned-char -W -Wall -Wreturn-type -Wnon-virtual-dtor -Waddress -Wsequence-point -Wformat -Wformat-security -Wmissing-declarations  -Wstrict-prototypes -o CMakeFiles/cmTC_83b8a.dir/src.cxx.o -c /home/pi/opencv/opencv-4.8.1/build/CMakeFiles/CMakeTmp/src.cxx
cc1plus: warning: command-line option ‘-Wstrict-prototypes’ is valid for C/ObjC but not for C++
/home/pi/opencv/opencv-4.8.1/build/CMakeFiles/CMakeTmp/src.cxx:1: warning: ignoring ‘#pragma  ’ [-Wunknown-pragmas]
    1 | #pragma
Linking CXX executable cmTC_83b8a
/usr/bin/cmake -E cmake_link_script CMakeFiles/cmTC_83b8a.dir/link.txt --verbose=1
/usr/bin/c++ -O3 -DNDEBUG -latomic  CMakeFiles/cmTC_83b8a.dir/src.cxx.o -o cmTC_83b8a
gmake[1]: Leaving directory '/home/pi/opencv/opencv-4.8.1/build/CMakeFiles/CMakeTmp'


===== END =====

Build output check failed:
    Regex: 'command[- ]line option .* is valid for .* but not for C'
    Output line: 'cc1: warning: command-line option ‘-Wsign-promo’ is valid for C++/ObjC++ but not for C'
Compilation failed:
    source file: '/home/pi/opencv/opencv-4.8.1/build/CMakeFiles/CMakeTmp/src.c'
    check option: ' -fsigned-char -W -Wall -Wreturn-type -Waddress -Wsequence-point -Wformat -Wformat-security -Wmissing-declarations -Wmissing-prototypes -Wstrict-prototypes -Wundef -Winit-self -Wpointer-arith -Wshadow  -Wsign-promo'
===== BUILD LOG =====
Change Dir: '/home/pi/opencv/opencv-4.8.1/build/CMakeFiles/CMakeTmp'

Run Build Command(s): /usr/bin/cmake -E env VERBOSE=1 /usr/bin/gmake -f Makefile cmTC_47f84/fast
/usr/bin/gmake  -f CMakeFiles/cmTC_47f84.dir/build.make CMakeFiles/cmTC_47f84.dir/build
gmake[1]: Entering directory '/home/pi/opencv/opencv-4.8.1/build/CMakeFiles/CMakeTmp'
Building C object CMakeFiles/cmTC_47f84.dir/src.c.o
/usr/bin/cc   -O3 -DNDEBUG -fPIE    -fsigned-char -W -Wall -Wreturn-type -Waddress -Wsequence-point -Wformat -Wformat-security -Wmissing-declarations -Wmissing-prototypes -Wstrict-prototypes -Wundef -Winit-self -Wpointer-arith -Wshadow  -Wsign-promo -o CMakeFiles/cmTC_47f84.dir/src.c.o -c /home/pi/opencv/opencv-4.8.1/build/CMakeFiles/CMakeTmp/src.c
cc1: warning: command-line option ‘-Wsign-promo’ is valid for C++/ObjC++ but not for C
/home/pi/opencv/opencv-4.8.1/build/CMakeFiles/CMakeTmp/src.c:1: warning: ignoring ‘#pragma  ’ [-Wunknown-pragmas]
    1 | #pragma
Linking C executable cmTC_47f84
/usr/bin/cmake -E cmake_link_script CMakeFiles/cmTC_47f84.dir/link.txt --verbose=1
/usr/bin/cc -O3 -DNDEBUG -latomic  CMakeFiles/cmTC_47f84.dir/src.c.o -o cmTC_47f84
gmake[1]: Leaving directory '/home/pi/opencv/opencv-4.8.1/build/CMakeFiles/CMakeTmp'


===== END =====

Build output check failed:
    Regex: 'command[- ]line option .* is valid for .* but not for C'
    Output line: 'cc1: warning: command-line option ‘-Wsuggest-override’ is valid for C++/ObjC++ but not for C'
Compilation failed:
    source file: '/home/pi/opencv/opencv-4.8.1/build/CMakeFiles/CMakeTmp/src.c'
    check option: ' -fsigned-char -W -Wall -Wreturn-type -Waddress -Wsequence-point -Wformat -Wformat-security -Wmissing-declarations -Wmissing-prototypes -Wstrict-prototypes -Wundef -Winit-self -Wpointer-arith -Wshadow -Wuninitialized -Wno-psabi  -Wsuggest-override'
===== BUILD LOG =====
Change Dir: '/home/pi/opencv/opencv-4.8.1/build/CMakeFiles/CMakeTmp'

Run Build Command(s): /usr/bin/cmake -E env VERBOSE=1 /usr/bin/gmake -f Makefile cmTC_8f3a2/fast
/usr/bin/gmake  -f CMakeFiles/cmTC_8f3a2.dir/build.make CMakeFiles/cmTC_8f3a2.dir/build
gmake[1]: Entering directory '/home/pi/opencv/opencv-4.8.1/build/CMakeFiles/CMakeTmp'
Building C object CMakeFiles/cmTC_8f3a2.dir/src.c.o
/usr/bin/cc   -O3 -DNDEBUG -fPIE    -fsigned-char -W -Wall -Wreturn-type -Waddress -Wsequence-point -Wformat -Wformat-security -Wmissing-declarations -Wmissing-prototypes -Wstrict-prototypes -Wundef -Winit-self -Wpointer-arith -Wshadow -Wuninitialized -Wno-psabi  -Wsuggest-override -o CMakeFiles/cmTC_8f3a2.dir/src.c.o -c /home/pi/opencv/opencv-4.8.1/build/CMakeFiles/CMakeTmp/src.c
cc1: warning: command-line option ‘-Wsuggest-override’ is valid for C++/ObjC++ but not for C
/home/pi/opencv/opencv-4.8.1/build/CMakeFiles/CMakeTmp/src.c:1: warning: ignoring ‘#pragma  ’ [-Wunknown-pragmas]
    1 | #pragma
Linking C executable cmTC_8f3a2
/usr/bin/cmake -E cmake_link_script CMakeFiles/cmTC_8f3a2.dir/link.txt --verbose=1
/usr/bin/cc -O3 -DNDEBUG -latomic  CMakeFiles/cmTC_8f3a2.dir/src.c.o -o cmTC_8f3a2
gmake[1]: Leaving directory '/home/pi/opencv/opencv-4.8.1/build/CMakeFiles/CMakeTmp'


===== END =====

Build output check failed:
    Regex: 'command[- ]line option .* is valid for .* but not for C'
    Output line: 'cc1: warning: command-line option ‘-Wno-delete-non-virtual-dtor’ is valid for C++/ObjC++ but not for C'
Compilation failed:
    source file: '/home/pi/opencv/opencv-4.8.1/build/CMakeFiles/CMakeTmp/src.c'
    check option: ' -fsigned-char -W -Wall -Wreturn-type -Waddress -Wsequence-point -Wformat -Wformat-security -Wmissing-declarations -Wmissing-prototypes -Wstrict-prototypes -Wundef -Winit-self -Wpointer-arith -Wshadow -Wuninitialized -Wno-psabi  -Wno-delete-non-virtual-dtor'
===== BUILD LOG =====
Change Dir: '/home/pi/opencv/opencv-4.8.1/build/CMakeFiles/CMakeTmp'

Run Build Command(s): /usr/bin/cmake -E env VERBOSE=1 /usr/bin/gmake -f Makefile cmTC_b31aa/fast
/usr/bin/gmake  -f CMakeFiles/cmTC_b31aa.dir/build.make CMakeFiles/cmTC_b31aa.dir/build
gmake[1]: Entering directory '/home/pi/opencv/opencv-4.8.1/build/CMakeFiles/CMakeTmp'
Building C object CMakeFiles/cmTC_b31aa.dir/src.c.o
/usr/bin/cc   -O3 -DNDEBUG -fPIE    -fsigned-char -W -Wall -Wreturn-type -Waddress -Wsequence-point -Wformat -Wformat-security -Wmissing-declarations -Wmissing-prototypes -Wstrict-prototypes -Wundef -Winit-self -Wpointer-arith -Wshadow -Wuninitialized -Wno-psabi  -Wno-delete-non-virtual-dtor -o CMakeFiles/cmTC_b31aa.dir/src.c.o -c /home/pi/opencv/opencv-4.8.1/build/CMakeFiles/CMakeTmp/src.c
cc1: warning: command-line option ‘-Wno-delete-non-virtual-dtor’ is valid for C++/ObjC++ but not for C
/home/pi/opencv/opencv-4.8.1/build/CMakeFiles/CMakeTmp/src.c:1: warning: ignoring ‘#pragma  ’ [-Wunknown-pragmas]
    1 | #pragma
Linking C executable cmTC_b31aa
/usr/bin/cmake -E cmake_link_script CMakeFiles/cmTC_b31aa.dir/link.txt --verbose=1
/usr/bin/cc -O3 -DNDEBUG -latomic  CMakeFiles/cmTC_b31aa.dir/src.c.o -o cmTC_b31aa
gmake[1]: Leaving directory '/home/pi/opencv/opencv-4.8.1/build/CMakeFiles/CMakeTmp'


===== END =====

Build output check failed:
    Regex: 'unrecognized .*option'
    Output line: 'cc1plus: note: unrecognized command-line option ‘-Wno-unnamed-type-template-args’ may have been intended to silence earlier diagnostics'
Compilation failed:
    source file: '/home/pi/opencv/opencv-4.8.1/build/CMakeFiles/CMakeTmp/src.cxx'
    check option: ' -fsigned-char -W -Wall -Wreturn-type -Wnon-virtual-dtor -Waddress -Wsequence-point -Wformat -Wformat-security -Wmissing-declarations -Wundef -Winit-self -Wpointer-arith -Wshadow -Wsign-promo -Wuninitialized -Wno-psabi -Wsuggest-override -Wno-delete-non-virtual-dtor  -Wno-unnamed-type-template-args'
===== BUILD LOG =====
Change Dir: '/home/pi/opencv/opencv-4.8.1/build/CMakeFiles/CMakeTmp'

Run Build Command(s): /usr/bin/cmake -E env VERBOSE=1 /usr/bin/gmake -f Makefile cmTC_99163/fast
/usr/bin/gmake  -f CMakeFiles/cmTC_99163.dir/build.make CMakeFiles/cmTC_99163.dir/build
gmake[1]: Entering directory '/home/pi/opencv/opencv-4.8.1/build/CMakeFiles/CMakeTmp'
Building CXX object CMakeFiles/cmTC_99163.dir/src.cxx.o
/usr/bin/c++   -O3 -DNDEBUG -std=c++11 -fPIE    -fsigned-char -W -Wall -Wreturn-type -Wnon-virtual-dtor -Waddress -Wsequence-point -Wformat -Wformat-security -Wmissing-declarations -Wundef -Winit-self -Wpointer-arith -Wshadow -Wsign-promo -Wuninitialized -Wno-psabi -Wsuggest-override -Wno-delete-non-virtual-dtor  -Wno-unnamed-type-template-args -o CMakeFiles/cmTC_99163.dir/src.cxx.o -c /home/pi/opencv/opencv-4.8.1/build/CMakeFiles/CMakeTmp/src.cxx
/home/pi/opencv/opencv-4.8.1/build/CMakeFiles/CMakeTmp/src.cxx:1: warning: ignoring ‘#pragma  ’ [-Wunknown-pragmas]
    1 | #pragma
cc1plus: note: unrecognized command-line option ‘-Wno-unnamed-type-template-args’ may have been intended to silence earlier diagnostics
Linking CXX executable cmTC_99163
/usr/bin/cmake -E cmake_link_script CMakeFiles/cmTC_99163.dir/link.txt --verbose=1
/usr/bin/c++ -O3 -DNDEBUG -latomic  CMakeFiles/cmTC_99163.dir/src.cxx.o -o cmTC_99163
gmake[1]: Leaving directory '/home/pi/opencv/opencv-4.8.1/build/CMakeFiles/CMakeTmp'


===== END =====

Build output check failed:
    Regex: 'unrecognized .*option'
    Output line: 'cc1: note: unrecognized command-line option ‘-Wno-unnamed-type-template-args’ may have been intended to silence earlier diagnostics'
Compilation failed:
    source file: '/home/pi/opencv/opencv-4.8.1/build/CMakeFiles/CMakeTmp/src.c'
    check option: ' -fsigned-char -W -Wall -Wreturn-type -Waddress -Wsequence-point -Wformat -Wformat-security -Wmissing-declarations -Wmissing-prototypes -Wstrict-prototypes -Wundef -Winit-self -Wpointer-arith -Wshadow -Wuninitialized -Wno-psabi  -Wno-unnamed-type-template-args'
===== BUILD LOG =====
Change Dir: '/home/pi/opencv/opencv-4.8.1/build/CMakeFiles/CMakeTmp'

Run Build Command(s): /usr/bin/cmake -E env VERBOSE=1 /usr/bin/gmake -f Makefile cmTC_b563d/fast
/usr/bin/gmake  -f CMakeFiles/cmTC_b563d.dir/build.make CMakeFiles/cmTC_b563d.dir/build
gmake[1]: Entering directory '/home/pi/opencv/opencv-4.8.1/build/CMakeFiles/CMakeTmp'
Building C object CMakeFiles/cmTC_b563d.dir/src.c.o
/usr/bin/cc   -O3 -DNDEBUG -fPIE    -fsigned-char -W -Wall -Wreturn-type -Waddress -Wsequence-point -Wformat -Wformat-security -Wmissing-declarations -Wmissing-prototypes -Wstrict-prototypes -Wundef -Winit-self -Wpointer-arith -Wshadow -Wuninitialized -Wno-psabi  -Wno-unnamed-type-template-args -o CMakeFiles/cmTC_b563d.dir/src.c.o -c /home/pi/opencv/opencv-4.8.1/build/CMakeFiles/CMakeTmp/src.c
/home/pi/opencv/opencv-4.8.1/build/CMakeFiles/CMakeTmp/src.c:1: warning: ignoring ‘#pragma  ’ [-Wunknown-pragmas]
    1 | #pragma
cc1: note: unrecognized command-line option ‘-Wno-unnamed-type-template-args’ may have been intended to silence earlier diagnostics
Linking C executable cmTC_b563d
/usr/bin/cmake -E cmake_link_script CMakeFiles/cmTC_b563d.dir/link.txt --verbose=1
/usr/bin/cc -O3 -DNDEBUG -latomic  CMakeFiles/cmTC_b563d.dir/src.c.o -o cmTC_b563d
gmake[1]: Leaving directory '/home/pi/opencv/opencv-4.8.1/build/CMakeFiles/CMakeTmp'


===== END =====

Compilation failed:
    source file: '/home/pi/opencv/opencv-4.8.1/cmake/checks/cpu_neon.cpp'
    check option: ''
===== BUILD LOG =====
Change Dir: '/home/pi/opencv/opencv-4.8.1/build/CMakeFiles/CMakeTmp'

Run Build Command(s): /usr/bin/cmake -E env VERBOSE=1 /usr/bin/gmake -f Makefile cmTC_cfb28/fast
/usr/bin/gmake  -f CMakeFiles/cmTC_cfb28.dir/build.make CMakeFiles/cmTC_cfb28.dir/build
gmake[1]: Entering directory '/home/pi/opencv/opencv-4.8.1/build/CMakeFiles/CMakeTmp'
Building CXX object CMakeFiles/cmTC_cfb28.dir/cpu_neon.cpp.o
/usr/bin/c++   -O3 -DNDEBUG -std=c++11 -fPIE -o CMakeFiles/cmTC_cfb28.dir/cpu_neon.cpp.o -c /home/pi/opencv/opencv-4.8.1/cmake/checks/cpu_neon.cpp
/home/pi/opencv/opencv-4.8.1/cmake/checks/cpu_neon.cpp:25:2: error: #error "NEON is not supported"
   25 | #error "NEON is not supported"
      |  ^~~~~
/home/pi/opencv/opencv-4.8.1/cmake/checks/cpu_neon.cpp:14:30: error: ‘uint8x16_t’ does not name a type
   14 | void test_aliased_type(const uint8x16_t& a) { }
      |                              ^~~~~~~~~~
/home/pi/opencv/opencv-4.8.1/cmake/checks/cpu_neon.cpp:15:30: error: ‘int8x16_t’ does not name a type
   15 | void test_aliased_type(const int8x16_t& a) { }
      |                              ^~~~~~~~~
/home/pi/opencv/opencv-4.8.1/cmake/checks/cpu_neon.cpp:15:6: error: redefinition of ‘void test_aliased_type(const int&)’
   15 | void test_aliased_type(const int8x16_t& a) { }
      |      ^~~~~~~~~~~~~~~~~
/home/pi/opencv/opencv-4.8.1/cmake/checks/cpu_neon.cpp:14:6: note: ‘void test_aliased_type(const int&)’ previously defined here
   14 | void test_aliased_type(const uint8x16_t& a) { }
      |      ^~~~~~~~~~~~~~~~~
/home/pi/opencv/opencv-4.8.1/cmake/checks/cpu_neon.cpp: In function ‘int main()’:
/home/pi/opencv/opencv-4.8.1/cmake/checks/cpu_neon.cpp:30:18: error: ‘test’ was not declared in this scope
   30 |   printf("%d\n", test());
      |                  ^~~~
gmake[1]: *** [CMakeFiles/cmTC_cfb28.dir/build.make:81: CMakeFiles/cmTC_cfb28.dir/cpu_neon.cpp.o] Error 1
gmake[1]: Leaving directory '/home/pi/opencv/opencv-4.8.1/build/CMakeFiles/CMakeTmp'
gmake: *** [Makefile:134: cmTC_cfb28/fast] Error 2


===== END =====

Compilation failed:
    source file: '/home/pi/opencv/opencv-4.8.1/cmake/checks/cpu_fp16.cpp'
    check option: ' -mfpu=neon'
===== BUILD LOG =====
Change Dir: '/home/pi/opencv/opencv-4.8.1/build/CMakeFiles/CMakeTmp'

Run Build Command(s): /usr/bin/cmake -E env VERBOSE=1 /usr/bin/gmake -f Makefile cmTC_999b7/fast
/usr/bin/gmake  -f CMakeFiles/cmTC_999b7.dir/build.make CMakeFiles/cmTC_999b7.dir/build
gmake[1]: Entering directory '/home/pi/opencv/opencv-4.8.1/build/CMakeFiles/CMakeTmp'
Building CXX object CMakeFiles/cmTC_999b7.dir/cpu_fp16.cpp.o
/usr/bin/c++   -O3 -DNDEBUG -std=c++11 -fPIE    -mfpu=neon -o CMakeFiles/cmTC_999b7.dir/cpu_fp16.cpp.o -c /home/pi/opencv/opencv-4.8.1/cmake/checks/cpu_fp16.cpp
/home/pi/opencv/opencv-4.8.1/cmake/checks/cpu_fp16.cpp: In function ‘int test()’:
/home/pi/opencv/opencv-4.8.1/cmake/checks/cpu_fp16.cpp:21:5: error: ‘float16x4_t’ was not declared in this scope; did you mean ‘bfloat16x4_t’?
   21 |     float16x4_t v_dst = vcvt_f16_f32(v_src);
      |     ^~~~~~~~~~~
      |     bfloat16x4_t
/home/pi/opencv/opencv-4.8.1/cmake/checks/cpu_fp16.cpp:22:19: error: expected primary-expression before ‘)’ token
   22 |     *(float16x4_t*)dst = v_dst;
      |                   ^
gmake[1]: *** [CMakeFiles/cmTC_999b7.dir/build.make:81: CMakeFiles/cmTC_999b7.dir/cpu_fp16.cpp.o] Error 1
gmake[1]: Leaving directory '/home/pi/opencv/opencv-4.8.1/build/CMakeFiles/CMakeTmp'
gmake: *** [Makefile:134: cmTC_999b7/fast] Error 2


===== END =====

Build output check failed:
    Regex: 'command[- ]line option .* is valid for .* but not for C'
    Output line: 'cc1: warning: command-line option ‘-fvisibility-inlines-hidden’ is valid for C++/ObjC++ but not for C'
Compilation failed:
    source file: '/home/pi/opencv/opencv-4.8.1/build/CMakeFiles/CMakeTmp/src.c'
    check option: ' -fsigned-char -W -Wall -Wreturn-type -Waddress -Wsequence-point -Wformat -Wformat-security -Wmissing-declarations -Wmissing-prototypes -Wstrict-prototypes -Wundef -Winit-self -Wpointer-arith -Wshadow -Wuninitialized -Wno-psabi -Wno-comment -Wimplicit-fallthrough=3 -Wno-strict-overflow -fdiagnostics-show-option -pthread -fomit-frame-pointer -ffunction-sections -fdata-sections  -mfpu=neon -fvisibility=hidden  -fvisibility-inlines-hidden'
===== BUILD LOG =====
Change Dir: '/home/pi/opencv/opencv-4.8.1/build/CMakeFiles/CMakeTmp'

Run Build Command(s): /usr/bin/cmake -E env VERBOSE=1 /usr/bin/gmake -f Makefile cmTC_5beef/fast
/usr/bin/gmake  -f CMakeFiles/cmTC_5beef.dir/build.make CMakeFiles/cmTC_5beef.dir/build
gmake[1]: Entering directory '/home/pi/opencv/opencv-4.8.1/build/CMakeFiles/CMakeTmp'
Building C object CMakeFiles/cmTC_5beef.dir/src.c.o
/usr/bin/cc   -O3 -DNDEBUG -fPIE    -fsigned-char -W -Wall -Wreturn-type -Waddress -Wsequence-point -Wformat -Wformat-security -Wmissing-declarations -Wmissing-prototypes -Wstrict-prototypes -Wundef -Winit-self -Wpointer-arith -Wshadow -Wuninitialized -Wno-psabi -Wno-comment -Wimplicit-fallthrough=3 -Wno-strict-overflow -fdiagnostics-show-option -pthread -fomit-frame-pointer -ffunction-sections -fdata-sections  -mfpu=neon -fvisibility=hidden  -fvisibility-inlines-hidden -o CMakeFiles/cmTC_5beef.dir/src.c.o -c /home/pi/opencv/opencv-4.8.1/build/CMakeFiles/CMakeTmp/src.c
cc1: warning: command-line option ‘-fvisibility-inlines-hidden’ is valid for C++/ObjC++ but not for C
/home/pi/opencv/opencv-4.8.1/build/CMakeFiles/CMakeTmp/src.c:1: warning: ignoring ‘#pragma  ’ [-Wunknown-pragmas]
    1 | #pragma
Linking C executable cmTC_5beef
/usr/bin/cmake -E cmake_link_script CMakeFiles/cmTC_5beef.dir/link.txt --verbose=1
/usr/bin/cc -O3 -DNDEBUG -latomic  CMakeFiles/cmTC_5beef.dir/src.c.o -o cmTC_5beef
gmake[1]: Leaving directory '/home/pi/opencv/opencv-4.8.1/build/CMakeFiles/CMakeTmp'


===== END =====

Build output check failed:
    Regex: 'unrecognized .*option'
    Output line: 'cc1: note: unrecognized command-line option ‘-Wno-implicit-const-int-float-conversion’ may have been intended to silence earlier diagnostics'
Compilation failed:
    source file: '/home/pi/opencv/opencv-4.8.1/build/CMakeFiles/CMakeTmp/src.c'
    check option: ' -Wno-implicit-const-int-float-conversion'
===== BUILD LOG =====
Change Dir: '/home/pi/opencv/opencv-4.8.1/build/CMakeFiles/CMakeTmp'

Run Build Command(s): /usr/bin/cmake -E env VERBOSE=1 /usr/bin/gmake -f Makefile cmTC_fda1c/fast
/usr/bin/gmake  -f CMakeFiles/cmTC_fda1c.dir/build.make CMakeFiles/cmTC_fda1c.dir/build
gmake[1]: Entering directory '/home/pi/opencv/opencv-4.8.1/build/CMakeFiles/CMakeTmp'
Building C object CMakeFiles/cmTC_fda1c.dir/src.c.o
/usr/bin/cc   -fsigned-char -W -Wall -Wreturn-type -Waddress -Wsequence-point -Wformat -Wformat-security -Wmissing-declarations -Wmissing-prototypes -Wstrict-prototypes -Wundef -Winit-self -Wpointer-arith -Wshadow -Wuninitialized -Wno-psabi -Wno-comment -Wimplicit-fallthrough=3 -Wno-strict-overflow -fdiagnostics-show-option -pthread -fomit-frame-pointer -ffunction-sections -fdata-sections  -mfpu=neon -fvisibility=hidden  -O3 -DNDEBUG  -DNDEBUG -fPIE    -Wno-implicit-const-int-float-conversion -o CMakeFiles/cmTC_fda1c.dir/src.c.o -c /home/pi/opencv/opencv-4.8.1/build/CMakeFiles/CMakeTmp/src.c
/home/pi/opencv/opencv-4.8.1/build/CMakeFiles/CMakeTmp/src.c:1: warning: ignoring ‘#pragma  ’ [-Wunknown-pragmas]
    1 | #pragma
cc1: note: unrecognized command-line option ‘-Wno-implicit-const-int-float-conversion’ may have been intended to silence earlier diagnostics
Linking C executable cmTC_fda1c
/usr/bin/cmake -E cmake_link_script CMakeFiles/cmTC_fda1c.dir/link.txt --verbose=1
/usr/bin/cc    -fsigned-char -W -Wall -Wreturn-type -Waddress -Wsequence-point -Wformat -Wformat-security -Wmissing-declarations -Wmissing-prototypes -Wstrict-prototypes -Wundef -Winit-self -Wpointer-arith -Wshadow -Wuninitialized -Wno-psabi -Wno-comment -Wimplicit-fallthrough=3 -Wno-strict-overflow -fdiagnostics-show-option -pthread -fomit-frame-pointer -ffunction-sections -fdata-sections  -mfpu=neon -fvisibility=hidden  -O3 -DNDEBUG  -DNDEBUG -latomic  -Wl,--gc-sections -Wl,--as-needed -Wl,--no-undefined  CMakeFiles/cmTC_fda1c.dir/src.c.o -o cmTC_fda1c
gmake[1]: Leaving directory '/home/pi/opencv/opencv-4.8.1/build/CMakeFiles/CMakeTmp'


===== END =====

Build output check failed:
    Regex: 'command[- ]line option .* is valid for .* but not for C\+\+'
    Output line: 'cc1plus: warning: command-line option ‘-Wno-missing-prototypes’ is valid for C/ObjC but not for C++'
Compilation failed:
    source file: '/home/pi/opencv/opencv-4.8.1/build/CMakeFiles/CMakeTmp/src.cxx'
    check option: ' -Wno-missing-prototypes'
===== BUILD LOG =====
Change Dir: '/home/pi/opencv/opencv-4.8.1/build/CMakeFiles/CMakeTmp'

Run Build Command(s): /usr/bin/cmake -E env VERBOSE=1 /usr/bin/gmake -f Makefile cmTC_e215d/fast
/usr/bin/gmake  -f CMakeFiles/cmTC_e215d.dir/build.make CMakeFiles/cmTC_e215d.dir/build
gmake[1]: Entering directory '/home/pi/opencv/opencv-4.8.1/build/CMakeFiles/CMakeTmp'
Building CXX object CMakeFiles/cmTC_e215d.dir/src.cxx.o
/usr/bin/c++   -fsigned-char -W -Wall -Wreturn-type -Wnon-virtual-dtor -Waddress -Wsequence-point -Wformat -Wformat-security -Wmissing-declarations -Wundef -Winit-self -Wpointer-arith -Wshadow -Wsign-promo -Wuninitialized -Wno-psabi -Wsuggest-override -Wno-delete-non-virtual-dtor -Wno-comment -Wimplicit-fallthrough=3 -Wno-strict-overflow -fdiagnostics-show-option -pthread -fomit-frame-pointer -ffunction-sections -fdata-sections  -mfpu=neon -fvisibility=hidden -fvisibility-inlines-hidden -Wno-deprecated  -O3 -DNDEBUG  -DNDEBUG -std=c++11 -fPIE    -Wno-missing-prototypes -o CMakeFiles/cmTC_e215d.dir/src.cxx.o -c /home/pi/opencv/opencv-4.8.1/build/CMakeFiles/CMakeTmp/src.cxx
cc1plus: warning: command-line option ‘-Wno-missing-prototypes’ is valid for C/ObjC but not for C++
/home/pi/opencv/opencv-4.8.1/build/CMakeFiles/CMakeTmp/src.cxx:1: warning: ignoring ‘#pragma  ’ [-Wunknown-pragmas]
    1 | #pragma
Linking CXX executable cmTC_e215d
/usr/bin/cmake -E cmake_link_script CMakeFiles/cmTC_e215d.dir/link.txt --verbose=1
/usr/bin/c++    -fsigned-char -W -Wall -Wreturn-type -Wnon-virtual-dtor -Waddress -Wsequence-point -Wformat -Wformat-security -Wmissing-declarations -Wundef -Winit-self -Wpointer-arith -Wshadow -Wsign-promo -Wuninitialized -Wno-psabi -Wsuggest-override -Wno-delete-non-virtual-dtor -Wno-comment -Wimplicit-fallthrough=3 -Wno-strict-overflow -fdiagnostics-show-option -pthread -fomit-frame-pointer -ffunction-sections -fdata-sections  -mfpu=neon -fvisibility=hidden -fvisibility-inlines-hidden -Wno-deprecated  -O3 -DNDEBUG  -DNDEBUG -latomic  -Wl,--gc-sections -Wl,--as-needed -Wl,--no-undefined  CMakeFiles/cmTC_e215d.dir/src.cxx.o -o cmTC_e215d
gmake[1]: Leaving directory '/home/pi/opencv/opencv-4.8.1/build/CMakeFiles/CMakeTmp'


===== END =====

Build output check failed:
    Regex: 'unrecognized .*option'
    Output line: 'cc1plus: note: unrecognized command-line option ‘-Wno-tautological-undefined-compare’ may have been intended to silence earlier diagnostics'
Compilation failed:
    source file: '/home/pi/opencv/opencv-4.8.1/build/CMakeFiles/CMakeTmp/src.cxx'
    check option: ' -Wno-tautological-undefined-compare'
===== BUILD LOG =====
Change Dir: '/home/pi/opencv/opencv-4.8.1/build/CMakeFiles/CMakeTmp'

Run Build Command(s): /usr/bin/cmake -E env VERBOSE=1 /usr/bin/gmake -f Makefile cmTC_4181c/fast
/usr/bin/gmake  -f CMakeFiles/cmTC_4181c.dir/build.make CMakeFiles/cmTC_4181c.dir/build
gmake[1]: Entering directory '/home/pi/opencv/opencv-4.8.1/build/CMakeFiles/CMakeTmp'
Building CXX object CMakeFiles/cmTC_4181c.dir/src.cxx.o
/usr/bin/c++   -fsigned-char -W -Wall -Wreturn-type -Wnon-virtual-dtor -Waddress -Wsequence-point -Wformat -Wformat-security -Winit-self -Wpointer-arith -Wuninitialized -Wno-psabi -Wsuggest-override -Wno-delete-non-virtual-dtor -Wno-comment -Wimplicit-fallthrough=3 -Wno-strict-overflow -fdiagnostics-show-option -pthread -fomit-frame-pointer -ffunction-sections -fdata-sections  -mfpu=neon -fvisibility=hidden -fvisibility-inlines-hidden -Wno-deprecated -Wno-missing-declarations -Wno-shadow -Wno-unused-parameter -Wno-unused-local-typedefs -Wno-sign-compare -Wno-sign-promo -Wno-undef  -O3 -DNDEBUG  -DNDEBUG -std=c++11 -fPIE    -Wno-tautological-undefined-compare -o CMakeFiles/cmTC_4181c.dir/src.cxx.o -c /home/pi/opencv/opencv-4.8.1/build/CMakeFiles/CMakeTmp/src.cxx
/home/pi/opencv/opencv-4.8.1/build/CMakeFiles/CMakeTmp/src.cxx:1: warning: ignoring ‘#pragma  ’ [-Wunknown-pragmas]
    1 | #pragma
cc1plus: note: unrecognized command-line option ‘-Wno-tautological-undefined-compare’ may have been intended to silence earlier diagnostics
Linking CXX executable cmTC_4181c
/usr/bin/cmake -E cmake_link_script CMakeFiles/cmTC_4181c.dir/link.txt --verbose=1
/usr/bin/c++    -fsigned-char -W -Wall -Wreturn-type -Wnon-virtual-dtor -Waddress -Wsequence-point -Wformat -Wformat-security -Winit-self -Wpointer-arith -Wuninitialized -Wno-psabi -Wsuggest-override -Wno-delete-non-virtual-dtor -Wno-comment -Wimplicit-fallthrough=3 -Wno-strict-overflow -fdiagnostics-show-option -pthread -fomit-frame-pointer -ffunction-sections -fdata-sections  -mfpu=neon -fvisibility=hidden -fvisibility-inlines-hidden -Wno-deprecated -Wno-missing-declarations -Wno-shadow -Wno-unused-parameter -Wno-unused-local-typedefs -Wno-sign-compare -Wno-sign-promo -Wno-undef  -O3 -DNDEBUG  -DNDEBUG -latomic  -Wl,--gc-sections -Wl,--as-needed -Wl,--no-undefined  CMakeFiles/cmTC_4181c.dir/src.cxx.o -o cmTC_4181c
gmake[1]: Leaving directory '/home/pi/opencv/opencv-4.8.1/build/CMakeFiles/CMakeTmp'


===== END =====

Build output check failed:
    Regex: 'unrecognized .*option'
    Output line: 'cc1plus: note: unrecognized command-line option ‘-Wno-shorten-64-to-32’ may have been intended to silence earlier diagnostics'
Compilation failed:
    source file: '/home/pi/opencv/opencv-4.8.1/build/CMakeFiles/CMakeTmp/src.cxx'
    check option: ' -Wno-shorten-64-to-32'
===== BUILD LOG =====
Change Dir: '/home/pi/opencv/opencv-4.8.1/build/CMakeFiles/CMakeTmp'

Run Build Command(s): /usr/bin/cmake -E env VERBOSE=1 /usr/bin/gmake -f Makefile cmTC_283b1/fast
/usr/bin/gmake  -f CMakeFiles/cmTC_283b1.dir/build.make CMakeFiles/cmTC_283b1.dir/build
gmake[1]: Entering directory '/home/pi/opencv/opencv-4.8.1/build/CMakeFiles/CMakeTmp'
Building CXX object CMakeFiles/cmTC_283b1.dir/src.cxx.o
/usr/bin/c++   -fsigned-char -W -Wall -Wreturn-type -Wnon-virtual-dtor -Waddress -Wsequence-point -Wformat -Wformat-security -Winit-self -Wpointer-arith -Wuninitialized -Wno-psabi -Wsuggest-override -Wno-delete-non-virtual-dtor -Wno-comment -Wimplicit-fallthrough=3 -Wno-strict-overflow -fdiagnostics-show-option -pthread -fomit-frame-pointer -ffunction-sections -fdata-sections  -mfpu=neon -fvisibility=hidden -fvisibility-inlines-hidden -Wno-deprecated -Wno-missing-declarations -Wno-shadow -Wno-unused-parameter -Wno-unused-local-typedefs -Wno-sign-compare -Wno-sign-promo -Wno-undef -Wno-ignored-qualifiers -Wno-extra -Wno-unused-function -Wno-unused-const-variable  -O3 -DNDEBUG  -DNDEBUG -std=c++11 -fPIE    -Wno-shorten-64-to-32 -o CMakeFiles/cmTC_283b1.dir/src.cxx.o -c /home/pi/opencv/opencv-4.8.1/build/CMakeFiles/CMakeTmp/src.cxx
/home/pi/opencv/opencv-4.8.1/build/CMakeFiles/CMakeTmp/src.cxx:1: warning: ignoring ‘#pragma  ’ [-Wunknown-pragmas]
    1 | #pragma
cc1plus: note: unrecognized command-line option ‘-Wno-shorten-64-to-32’ may have been intended to silence earlier diagnostics
Linking CXX executable cmTC_283b1
/usr/bin/cmake -E cmake_link_script CMakeFiles/cmTC_283b1.dir/link.txt --verbose=1
/usr/bin/c++    -fsigned-char -W -Wall -Wreturn-type -Wnon-virtual-dtor -Waddress -Wsequence-point -Wformat -Wformat-security -Winit-self -Wpointer-arith -Wuninitialized -Wno-psabi -Wsuggest-override -Wno-delete-non-virtual-dtor -Wno-comment -Wimplicit-fallthrough=3 -Wno-strict-overflow -fdiagnostics-show-option -pthread -fomit-frame-pointer -ffunction-sections -fdata-sections  -mfpu=neon -fvisibility=hidden -fvisibility-inlines-hidden -Wno-deprecated -Wno-missing-declarations -Wno-shadow -Wno-unused-parameter -Wno-unused-local-typedefs -Wno-sign-compare -Wno-sign-promo -Wno-undef -Wno-ignored-qualifiers -Wno-extra -Wno-unused-function -Wno-unused-const-variable  -O3 -DNDEBUG  -DNDEBUG -latomic  -Wl,--gc-sections -Wl,--as-needed -Wl,--no-undefined  CMakeFiles/cmTC_283b1.dir/src.cxx.o -o cmTC_283b1
gmake[1]: Leaving directory '/home/pi/opencv/opencv-4.8.1/build/CMakeFiles/CMakeTmp'


===== END =====

Build output check failed:
    Regex: 'unrecognized .*option'
    Output line: 'cc1plus: note: unrecognized command-line option ‘-Wno-enum-compare-switch’ may have been intended to silence earlier diagnostics'
Compilation failed:
    source file: '/home/pi/opencv/opencv-4.8.1/build/CMakeFiles/CMakeTmp/src.cxx'
    check option: ' -Wno-enum-compare-switch'
===== BUILD LOG =====
Change Dir: '/home/pi/opencv/opencv-4.8.1/build/CMakeFiles/CMakeTmp'

Run Build Command(s): /usr/bin/cmake -E env VERBOSE=1 /usr/bin/gmake -f Makefile cmTC_02f86/fast
/usr/bin/gmake  -f CMakeFiles/cmTC_02f86.dir/build.make CMakeFiles/cmTC_02f86.dir/build
gmake[1]: Entering directory '/home/pi/opencv/opencv-4.8.1/build/CMakeFiles/CMakeTmp'
Building CXX object CMakeFiles/cmTC_02f86.dir/src.cxx.o
/usr/bin/c++   -fsigned-char -W -Wall -Wreturn-type -Wnon-virtual-dtor -Waddress -Wsequence-point -Wformat -Wformat-security -Winit-self -Wpointer-arith -Wuninitialized -Wno-psabi -Wsuggest-override -Wno-delete-non-virtual-dtor -Wno-comment -Wimplicit-fallthrough=3 -Wno-strict-overflow -fdiagnostics-show-option -pthread -fomit-frame-pointer -ffunction-sections -fdata-sections  -mfpu=neon -fvisibility=hidden -fvisibility-inlines-hidden -Wno-deprecated -Wno-missing-declarations -Wno-shadow -Wno-unused-parameter -Wno-unused-local-typedefs -Wno-sign-compare -Wno-sign-promo -Wno-undef -Wno-ignored-qualifiers -Wno-extra -Wno-unused-function -Wno-unused-const-variable -Wno-invalid-offsetof  -O3 -DNDEBUG  -DNDEBUG -std=c++11 -fPIE    -Wno-enum-compare-switch -o CMakeFiles/cmTC_02f86.dir/src.cxx.o -c /home/pi/opencv/opencv-4.8.1/build/CMakeFiles/CMakeTmp/src.cxx
/home/pi/opencv/opencv-4.8.1/build/CMakeFiles/CMakeTmp/src.cxx:1: warning: ignoring ‘#pragma  ’ [-Wunknown-pragmas]
    1 | #pragma
cc1plus: note: unrecognized command-line option ‘-Wno-enum-compare-switch’ may have been intended to silence earlier diagnostics
Linking CXX executable cmTC_02f86
/usr/bin/cmake -E cmake_link_script CMakeFiles/cmTC_02f86.dir/link.txt --verbose=1
/usr/bin/c++    -fsigned-char -W -Wall -Wreturn-type -Wnon-virtual-dtor -Waddress -Wsequence-point -Wformat -Wformat-security -Winit-self -Wpointer-arith -Wuninitialized -Wno-psabi -Wsuggest-override -Wno-delete-non-virtual-dtor -Wno-comment -Wimplicit-fallthrough=3 -Wno-strict-overflow -fdiagnostics-show-option -pthread -fomit-frame-pointer -ffunction-sections -fdata-sections  -mfpu=neon -fvisibility=hidden -fvisibility-inlines-hidden -Wno-deprecated -Wno-missing-declarations -Wno-shadow -Wno-unused-parameter -Wno-unused-local-typedefs -Wno-sign-compare -Wno-sign-promo -Wno-undef -Wno-ignored-qualifiers -Wno-extra -Wno-unused-function -Wno-unused-const-variable -Wno-invalid-offsetof  -O3 -DNDEBUG  -DNDEBUG -latomic  -Wl,--gc-sections -Wl,--as-needed -Wl,--no-undefined  CMakeFiles/cmTC_02f86.dir/src.cxx.o -o cmTC_02f86
gmake[1]: Leaving directory '/home/pi/opencv/opencv-4.8.1/build/CMakeFiles/CMakeTmp'


===== END =====

Build output check failed:
    Regex: 'unrecognized .*option'
    Output line: 'cc1plus: note: unrecognized command-line option ‘-Wno-inconsistent-missing-override’ may have been intended to silence earlier diagnostics'
Compilation failed:
    source file: '/home/pi/opencv/opencv-4.8.1/build/CMakeFiles/CMakeTmp/src.cxx'
    check option: ' -Wno-inconsistent-missing-override'
===== BUILD LOG =====
Change Dir: '/home/pi/opencv/opencv-4.8.1/build/CMakeFiles/CMakeTmp'

Run Build Command(s): /usr/bin/cmake -E env VERBOSE=1 /usr/bin/gmake -f Makefile cmTC_c2d4f/fast
/usr/bin/gmake  -f CMakeFiles/cmTC_c2d4f.dir/build.make CMakeFiles/cmTC_c2d4f.dir/build
gmake[1]: Entering directory '/home/pi/opencv/opencv-4.8.1/build/CMakeFiles/CMakeTmp'
Building CXX object CMakeFiles/cmTC_c2d4f.dir/src.cxx.o
/usr/bin/c++   -fsigned-char -W -Wall -Wreturn-type -Wnon-virtual-dtor -Waddress -Wsequence-point -Wformat -Wformat-security -Winit-self -Wpointer-arith -Wuninitialized -Wno-psabi -Wno-delete-non-virtual-dtor -Wno-comment -Wimplicit-fallthrough=3 -Wno-strict-overflow -fdiagnostics-show-option -pthread -fomit-frame-pointer -ffunction-sections -fdata-sections  -mfpu=neon -fvisibility=hidden -fvisibility-inlines-hidden -Wno-deprecated -Wno-missing-declarations -Wno-shadow -Wno-unused-parameter -Wno-unused-local-typedefs -Wno-sign-compare -Wno-sign-promo -Wno-undef -Wno-ignored-qualifiers -Wno-extra -Wno-unused-function -Wno-unused-const-variable -Wno-invalid-offsetof -Wno-suggest-override  -O3 -DNDEBUG  -DNDEBUG -std=c++11 -fPIE    -Wno-inconsistent-missing-override -o CMakeFiles/cmTC_c2d4f.dir/src.cxx.o -c /home/pi/opencv/opencv-4.8.1/build/CMakeFiles/CMakeTmp/src.cxx
/home/pi/opencv/opencv-4.8.1/build/CMakeFiles/CMakeTmp/src.cxx:1: warning: ignoring ‘#pragma  ’ [-Wunknown-pragmas]
    1 | #pragma
cc1plus: note: unrecognized command-line option ‘-Wno-inconsistent-missing-override’ may have been intended to silence earlier diagnostics
Linking CXX executable cmTC_c2d4f
/usr/bin/cmake -E cmake_link_script CMakeFiles/cmTC_c2d4f.dir/link.txt --verbose=1
/usr/bin/c++    -fsigned-char -W -Wall -Wreturn-type -Wnon-virtual-dtor -Waddress -Wsequence-point -Wformat -Wformat-security -Winit-self -Wpointer-arith -Wuninitialized -Wno-psabi -Wno-delete-non-virtual-dtor -Wno-comment -Wimplicit-fallthrough=3 -Wno-strict-overflow -fdiagnostics-show-option -pthread -fomit-frame-pointer -ffunction-sections -fdata-sections  -mfpu=neon -fvisibility=hidden -fvisibility-inlines-hidden -Wno-deprecated -Wno-missing-declarations -Wno-shadow -Wno-unused-parameter -Wno-unused-local-typedefs -Wno-sign-compare -Wno-sign-promo -Wno-undef -Wno-ignored-qualifiers -Wno-extra -Wno-unused-function -Wno-unused-const-variable -Wno-invalid-offsetof -Wno-suggest-override  -O3 -DNDEBUG  -DNDEBUG -latomic  -Wl,--gc-sections -Wl,--as-needed -Wl,--no-undefined  CMakeFiles/cmTC_c2d4f.dir/src.cxx.o -o cmTC_c2d4f
gmake[1]: Leaving directory '/home/pi/opencv/opencv-4.8.1/build/CMakeFiles/CMakeTmp'


===== END =====

